running egg_info
writing ../../build/limo_assessment/limo_assessment.egg-info/PKG-INFO
writing dependency_links to ../../build/limo_assessment/limo_assessment.egg-info/dependency_links.txt
writing entry points to ../../build/limo_assessment/limo_assessment.egg-info/entry_points.txt
writing requirements to ../../build/limo_assessment/limo_assessment.egg-info/requires.txt
writing top-level names to ../../build/limo_assessment/limo_assessment.egg-info/top_level.txt
reading manifest file '../../build/limo_assessment/limo_assessment.egg-info/SOURCES.txt'
writing manifest file '../../build/limo_assessment/limo_assessment.egg-info/SOURCES.txt'
running build
running build_py
copying limo_assessment/__init__.py -> /home/adeola/CMP9767-Assessment/build/limo_assessment/build/lib/limo_assessment
copying limo_assessment/adeola_marker.py -> /home/adeola/CMP9767-Assessment/build/limo_assessment/build/lib/limo_assessment
copying limo_assessment/adeola_severity_report2.py -> /home/adeola/CMP9767-Assessment/build/limo_assessment/build/lib/limo_assessment
copying limo_assessment/adeola_severity_report.py -> /home/adeola/CMP9767-Assessment/build/limo_assessment/build/lib/limo_assessment
copying limo_assessment/adeola_posedetector1.py -> /home/adeola/CMP9767-Assessment/build/limo_assessment/build/lib/limo_assessment
copying limo_assessment/adeola_pothole_counter.py -> /home/adeola/CMP9767-Assessment/build/limo_assessment/build/lib/limo_assessment
copying limo_assessment/adeola_autonomous_navigation2.py -> /home/adeola/CMP9767-Assessment/build/limo_assessment/build/lib/limo_assessment
copying limo_assessment/adeola_posedetector2.py -> /home/adeola/CMP9767-Assessment/build/limo_assessment/build/lib/limo_assessment
copying limo_assessment/adeola_autonomous_navigation.py -> /home/adeola/CMP9767-Assessment/build/limo_assessment/build/lib/limo_assessment
running install
running install_lib
copying /home/adeola/CMP9767-Assessment/build/limo_assessment/build/lib/limo_assessment/adeola_marker.py -> /home/adeola/CMP9767-Assessment/install/limo_assessment/lib/python3.10/site-packages/limo_assessment
byte-compiling /home/adeola/CMP9767-Assessment/install/limo_assessment/lib/python3.10/site-packages/limo_assessment/adeola_marker.py to adeola_marker.cpython-310.pyc
running install_data
copying resource/limo_assessment -> /home/adeola/CMP9767-Assessment/install/limo_assessment/share/ament_index/resource_index/packages
copying package.xml -> /home/adeola/CMP9767-Assessment/install/limo_assessment/share/limo_assessment
running install_egg_info
removing '/home/adeola/CMP9767-Assessment/install/limo_assessment/lib/python3.10/site-packages/limo_assessment-0.0.0-py3.10.egg-info' (and everything under it)
Copying ../../build/limo_assessment/limo_assessment.egg-info to /home/adeola/CMP9767-Assessment/install/limo_assessment/lib/python3.10/site-packages/limo_assessment-0.0.0-py3.10.egg-info
running install_scripts
Installing adeola_marker script to /home/adeola/CMP9767-Assessment/install/limo_assessment/lib/limo_assessment
Installing adeola_posedetector script to /home/adeola/CMP9767-Assessment/install/limo_assessment/lib/limo_assessment
Installing adeola_posedetector2 script to /home/adeola/CMP9767-Assessment/install/limo_assessment/lib/limo_assessment
Installing adeola_severity_report script to /home/adeola/CMP9767-Assessment/install/limo_assessment/lib/limo_assessment
Installing autonomous_navigation script to /home/adeola/CMP9767-Assessment/install/limo_assessment/lib/limo_assessment
Installing autonomous_navigation1 script to /home/adeola/CMP9767-Assessment/install/limo_assessment/lib/limo_assessment
Installing pothole_counter script to /home/adeola/CMP9767-Assessment/install/limo_assessment/lib/limo_assessment
writing list of installed files to '/home/adeola/CMP9767-Assessment/build/limo_assessment/install.log'
