[0.731s] Invoking command in '/home/adeola/CMP9767-Assessment/src/limo_assessment': PYTHONPATH=/home/adeola/CMP9767-Assessment/build/limo_assessment/prefix_override:/home/adeola/CMP9767-Assessment/install/limo_assessment/lib/python3.10/site-packages:${PYTHONPATH} /usr/bin/python3 setup.py egg_info --egg-base ../../build/limo_assessment build --build-base /home/adeola/CMP9767-Assessment/build/limo_assessment/build install --record /home/adeola/CMP9767-Assessment/build/limo_assessment/install.log --single-version-externally-managed
[0.908s] running egg_info
[0.908s] creating ../../build/limo_assessment/limo_assessment.egg-info
[0.921s] writing ../../build/limo_assessment/limo_assessment.egg-info/PKG-INFO
[0.921s] writing dependency_links to ../../build/limo_assessment/limo_assessment.egg-info/dependency_links.txt
[0.921s] writing entry points to ../../build/limo_assessment/limo_assessment.egg-info/entry_points.txt
[0.922s] writing requirements to ../../build/limo_assessment/limo_assessment.egg-info/requires.txt
[0.922s] writing top-level names to ../../build/limo_assessment/limo_assessment.egg-info/top_level.txt
[0.922s] writing manifest file '../../build/limo_assessment/limo_assessment.egg-info/SOURCES.txt'
[0.947s] reading manifest file '../../build/limo_assessment/limo_assessment.egg-info/SOURCES.txt'
[0.948s] writing manifest file '../../build/limo_assessment/limo_assessment.egg-info/SOURCES.txt'
[0.948s] running build
[0.948s] running build_py
[0.948s] creating /home/adeola/CMP9767-Assessment/build/limo_assessment/build
[0.948s] creating /home/adeola/CMP9767-Assessment/build/limo_assessment/build/lib
[0.948s] creating /home/adeola/CMP9767-Assessment/build/limo_assessment/build/lib/limo_assessment
[0.948s] copying limo_assessment/__init__.py -> /home/adeola/CMP9767-Assessment/build/limo_assessment/build/lib/limo_assessment
[0.948s] copying limo_assessment/adeola_marker.py -> /home/adeola/CMP9767-Assessment/build/limo_assessment/build/lib/limo_assessment
[0.949s] copying limo_assessment/adeola_severity_report.py -> /home/adeola/CMP9767-Assessment/build/limo_assessment/build/lib/limo_assessment
[0.949s] copying limo_assessment/adeola_posedetector1.py -> /home/adeola/CMP9767-Assessment/build/limo_assessment/build/lib/limo_assessment
[0.949s] copying limo_assessment/adeola_pothole_counter.py -> /home/adeola/CMP9767-Assessment/build/limo_assessment/build/lib/limo_assessment
[0.949s] copying limo_assessment/adeola_autonomous_navigation2.py -> /home/adeola/CMP9767-Assessment/build/limo_assessment/build/lib/limo_assessment
[0.949s] copying limo_assessment/adeola_posedetector2.py -> /home/adeola/CMP9767-Assessment/build/limo_assessment/build/lib/limo_assessment
[0.949s] copying limo_assessment/adeola_autonomous_navigation.py -> /home/adeola/CMP9767-Assessment/build/limo_assessment/build/lib/limo_assessment
[0.949s] running install
[0.950s] /home/adeola/.local/lib/python3.10/site-packages/setuptools/_distutils/cmd.py:66: SetuptoolsDeprecationWarning: setup.py install is deprecated.
[0.950s] !!
[0.950s] 
[0.950s]         ********************************************************************************
[0.950s]         Please avoid running ``setup.py`` directly.
[0.950s]         Instead, use pypa/build, pypa/installer or other
[0.950s]         standards-based tools.
[0.950s] 
[0.950s]         See https://blog.ganssle.io/articles/2021/10/setup-py-deprecated.html for details.
[0.950s]         ********************************************************************************
[0.950s] 
[0.950s] !!
[0.950s]   self.initialize_options()
[0.953s] running install_lib
[0.967s] creating /home/adeola/CMP9767-Assessment/install/limo_assessment/lib/python3.10/site-packages/limo_assessment
[0.967s] copying /home/adeola/CMP9767-Assessment/build/limo_assessment/build/lib/limo_assessment/__init__.py -> /home/adeola/CMP9767-Assessment/install/limo_assessment/lib/python3.10/site-packages/limo_assessment
[0.967s] copying /home/adeola/CMP9767-Assessment/build/limo_assessment/build/lib/limo_assessment/adeola_marker.py -> /home/adeola/CMP9767-Assessment/install/limo_assessment/lib/python3.10/site-packages/limo_assessment
[0.967s] copying /home/adeola/CMP9767-Assessment/build/limo_assessment/build/lib/limo_assessment/adeola_severity_report.py -> /home/adeola/CMP9767-Assessment/install/limo_assessment/lib/python3.10/site-packages/limo_assessment
[0.967s] copying /home/adeola/CMP9767-Assessment/build/limo_assessment/build/lib/limo_assessment/adeola_posedetector1.py -> /home/adeola/CMP9767-Assessment/install/limo_assessment/lib/python3.10/site-packages/limo_assessment
[0.967s] copying /home/adeola/CMP9767-Assessment/build/limo_assessment/build/lib/limo_assessment/adeola_pothole_counter.py -> /home/adeola/CMP9767-Assessment/install/limo_assessment/lib/python3.10/site-packages/limo_assessment
[0.967s] copying /home/adeola/CMP9767-Assessment/build/limo_assessment/build/lib/limo_assessment/adeola_autonomous_navigation2.py -> /home/adeola/CMP9767-Assessment/install/limo_assessment/lib/python3.10/site-packages/limo_assessment
[0.967s] copying /home/adeola/CMP9767-Assessment/build/limo_assessment/build/lib/limo_assessment/adeola_posedetector2.py -> /home/adeola/CMP9767-Assessment/install/limo_assessment/lib/python3.10/site-packages/limo_assessment
[0.967s] copying /home/adeola/CMP9767-Assessment/build/limo_assessment/build/lib/limo_assessment/adeola_autonomous_navigation.py -> /home/adeola/CMP9767-Assessment/install/limo_assessment/lib/python3.10/site-packages/limo_assessment
[0.967s] byte-compiling /home/adeola/CMP9767-Assessment/install/limo_assessment/lib/python3.10/site-packages/limo_assessment/__init__.py to __init__.cpython-310.pyc
[0.967s] byte-compiling /home/adeola/CMP9767-Assessment/install/limo_assessment/lib/python3.10/site-packages/limo_assessment/adeola_marker.py to adeola_marker.cpython-310.pyc
[0.968s] byte-compiling /home/adeola/CMP9767-Assessment/install/limo_assessment/lib/python3.10/site-packages/limo_assessment/adeola_severity_report.py to adeola_severity_report.cpython-310.pyc
[0.969s] byte-compiling /home/adeola/CMP9767-Assessment/install/limo_assessment/lib/python3.10/site-packages/limo_assessment/adeola_posedetector1.py to adeola_posedetector1.cpython-310.pyc
[0.970s] byte-compiling /home/adeola/CMP9767-Assessment/install/limo_assessment/lib/python3.10/site-packages/limo_assessment/adeola_pothole_counter.py to adeola_pothole_counter.cpython-310.pyc
[0.970s] byte-compiling /home/adeola/CMP9767-Assessment/install/limo_assessment/lib/python3.10/site-packages/limo_assessment/adeola_autonomous_navigation2.py to adeola_autonomous_navigation2.cpython-310.pyc
[0.971s] byte-compiling /home/adeola/CMP9767-Assessment/install/limo_assessment/lib/python3.10/site-packages/limo_assessment/adeola_posedetector2.py to adeola_posedetector2.cpython-310.pyc
[0.971s] byte-compiling /home/adeola/CMP9767-Assessment/install/limo_assessment/lib/python3.10/site-packages/limo_assessment/adeola_autonomous_navigation.py to adeola_autonomous_navigation.cpython-310.pyc
[0.972s] running install_data
[0.985s] creating /home/adeola/CMP9767-Assessment/install/limo_assessment/share/ament_index
[0.985s] creating /home/adeola/CMP9767-Assessment/install/limo_assessment/share/ament_index/resource_index
[0.985s] creating /home/adeola/CMP9767-Assessment/install/limo_assessment/share/ament_index/resource_index/packages
[0.985s] copying resource/limo_assessment -> /home/adeola/CMP9767-Assessment/install/limo_assessment/share/ament_index/resource_index/packages
[0.985s] copying package.xml -> /home/adeola/CMP9767-Assessment/install/limo_assessment/share/limo_assessment
[0.985s] running install_egg_info
[0.998s] Copying ../../build/limo_assessment/limo_assessment.egg-info to /home/adeola/CMP9767-Assessment/install/limo_assessment/lib/python3.10/site-packages/limo_assessment-0.0.0-py3.10.egg-info
[0.999s] running install_scripts
[1.116s] Installing adeola_marker script to /home/adeola/CMP9767-Assessment/install/limo_assessment/lib/limo_assessment
[1.116s] Installing adeola_posedetector script to /home/adeola/CMP9767-Assessment/install/limo_assessment/lib/limo_assessment
[1.116s] Installing adeola_posedetector2 script to /home/adeola/CMP9767-Assessment/install/limo_assessment/lib/limo_assessment
[1.116s] Installing adeola_severity_report script to /home/adeola/CMP9767-Assessment/install/limo_assessment/lib/limo_assessment
[1.116s] Installing autonomous_navigation script to /home/adeola/CMP9767-Assessment/install/limo_assessment/lib/limo_assessment
[1.116s] Installing autonomous_navigation1 script to /home/adeola/CMP9767-Assessment/install/limo_assessment/lib/limo_assessment
[1.116s] Installing pothole_counter script to /home/adeola/CMP9767-Assessment/install/limo_assessment/lib/limo_assessment
[1.117s] writing list of installed files to '/home/adeola/CMP9767-Assessment/build/limo_assessment/install.log'
[1.139s] Invoked command in '/home/adeola/CMP9767-Assessment/src/limo_assessment' returned '0': PYTHONPATH=/home/adeola/CMP9767-Assessment/build/limo_assessment/prefix_override:/home/adeola/CMP9767-Assessment/install/limo_assessment/lib/python3.10/site-packages:${PYTHONPATH} /usr/bin/python3 setup.py egg_info --egg-base ../../build/limo_assessment build --build-base /home/adeola/CMP9767-Assessment/build/limo_assessment/build install --record /home/adeola/CMP9767-Assessment/build/limo_assessment/install.log --single-version-externally-managed
