running develop
Removing /home/adeola/CMP9767-Assessment/install/limo_assessment/lib/python3.10/site-packages/limo-assessment.egg-link (link to .)
running egg_info
writing ../../build/limo_assessment/limo_assessment.egg-info/PKG-INFO
writing dependency_links to ../../build/limo_assessment/limo_assessment.egg-info/dependency_links.txt
writing entry points to ../../build/limo_assessment/limo_assessment.egg-info/entry_points.txt
writing requirements to ../../build/limo_assessment/limo_assessment.egg-info/requires.txt
writing top-level names to ../../build/limo_assessment/limo_assessment.egg-info/top_level.txt
reading manifest file '../../build/limo_assessment/limo_assessment.egg-info/SOURCES.txt'
writing manifest file '../../build/limo_assessment/limo_assessment.egg-info/SOURCES.txt'
running build
running build_py
copying limo_assessment/my_first_node.py -> /home/adeola/CMP9767-Assessment/build/limo_assessment/build/lib/limo_assessment
copying limo_assessment/pothole_detector.py -> /home/adeola/CMP9767-Assessment/build/limo_assessment/build/lib/limo_assessment
running install
running install_lib
creating /home/adeola/CMP9767-Assessment/install/limo_assessment/lib/python3.10/site-packages/limo_assessment
copying /home/adeola/CMP9767-Assessment/build/limo_assessment/build/lib/limo_assessment/__init__.py -> /home/adeola/CMP9767-Assessment/install/limo_assessment/lib/python3.10/site-packages/limo_assessment
copying /home/adeola/CMP9767-Assessment/build/limo_assessment/build/lib/limo_assessment/my_first_node.py -> /home/adeola/CMP9767-Assessment/install/limo_assessment/lib/python3.10/site-packages/limo_assessment
copying /home/adeola/CMP9767-Assessment/build/limo_assessment/build/lib/limo_assessment/pothole_detector.py -> /home/adeola/CMP9767-Assessment/install/limo_assessment/lib/python3.10/site-packages/limo_assessment
byte-compiling /home/adeola/CMP9767-Assessment/install/limo_assessment/lib/python3.10/site-packages/limo_assessment/__init__.py to __init__.cpython-310.pyc
byte-compiling /home/adeola/CMP9767-Assessment/install/limo_assessment/lib/python3.10/site-packages/limo_assessment/my_first_node.py to my_first_node.cpython-310.pyc
byte-compiling /home/adeola/CMP9767-Assessment/install/limo_assessment/lib/python3.10/site-packages/limo_assessment/pothole_detector.py to pothole_detector.cpython-310.pyc
running install_data
running install_egg_info
Copying ../../build/limo_assessment/limo_assessment.egg-info to /home/adeola/CMP9767-Assessment/install/limo_assessment/lib/python3.10/site-packages/limo_assessment-0.0.0-py3.10.egg-info
running install_scripts
Installing pothole_detector script to /home/adeola/CMP9767-Assessment/install/limo_assessment/lib/limo_assessment
Installing test_node script to /home/adeola/CMP9767-Assessment/install/limo_assessment/lib/limo_assessment
writing list of installed files to '/home/adeola/CMP9767-Assessment/build/limo_assessment/install.log'
