[0.578s] Invoking command in '/home/adeola/CMP9767-Assessment/build/limo_assessment': PYTHONPATH=/home/adeola/CMP9767-Assessment/build/limo_assessment/prefix_override:/home/adeola/CMP9767-Assessment/install/limo_assessment/lib/python3.10/site-packages:${PYTHONPATH} /usr/bin/python3 setup.py develop --uninstall --editable --build-directory /home/adeola/CMP9767-Assessment/build/limo_assessment/build
[0.768s] running develop
[0.903s] Removing /home/adeola/CMP9767-Assessment/install/limo_assessment/lib/python3.10/site-packages/limo-assessment.egg-link (link to .)
[0.927s] Invoked command in '/home/adeola/CMP9767-Assessment/build/limo_assessment' returned '0': PYTHONPATH=/home/adeola/CMP9767-Assessment/build/limo_assessment/prefix_override:/home/adeola/CMP9767-Assessment/install/limo_assessment/lib/python3.10/site-packages:${PYTHONPATH} /usr/bin/python3 setup.py develop --uninstall --editable --build-directory /home/adeola/CMP9767-Assessment/build/limo_assessment/build
[0.927s] Invoking command in '/home/adeola/CMP9767-Assessment/src/limo_assessment': PYTHONPATH=/home/adeola/CMP9767-Assessment/build/limo_assessment/prefix_override:/home/adeola/CMP9767-Assessment/install/limo_assessment/lib/python3.10/site-packages:${PYTHONPATH} /usr/bin/python3 setup.py egg_info --egg-base ../../build/limo_assessment build --build-base /home/adeola/CMP9767-Assessment/build/limo_assessment/build install --record /home/adeola/CMP9767-Assessment/build/limo_assessment/install.log --single-version-externally-managed
[1.108s] running egg_info
[1.108s] writing ../../build/limo_assessment/limo_assessment.egg-info/PKG-INFO
[1.108s] writing dependency_links to ../../build/limo_assessment/limo_assessment.egg-info/dependency_links.txt
[1.108s] writing entry points to ../../build/limo_assessment/limo_assessment.egg-info/entry_points.txt
[1.108s] writing requirements to ../../build/limo_assessment/limo_assessment.egg-info/requires.txt
[1.108s] writing top-level names to ../../build/limo_assessment/limo_assessment.egg-info/top_level.txt
[1.110s] reading manifest file '../../build/limo_assessment/limo_assessment.egg-info/SOURCES.txt'
[1.110s] writing manifest file '../../build/limo_assessment/limo_assessment.egg-info/SOURCES.txt'
[1.110s] running build
[1.111s] running build_py
[1.111s] copying limo_assessment/my_first_node.py -> /home/adeola/CMP9767-Assessment/build/limo_assessment/build/lib/limo_assessment
[1.111s] copying limo_assessment/pothole_detector.py -> /home/adeola/CMP9767-Assessment/build/limo_assessment/build/lib/limo_assessment
[1.111s] running install
[1.111s] running install_lib
[1.112s] creating /home/adeola/CMP9767-Assessment/install/limo_assessment/lib/python3.10/site-packages/limo_assessment
[1.112s] copying /home/adeola/CMP9767-Assessment/build/limo_assessment/build/lib/limo_assessment/__init__.py -> /home/adeola/CMP9767-Assessment/install/limo_assessment/lib/python3.10/site-packages/limo_assessment
[1.112s] copying /home/adeola/CMP9767-Assessment/build/limo_assessment/build/lib/limo_assessment/my_first_node.py -> /home/adeola/CMP9767-Assessment/install/limo_assessment/lib/python3.10/site-packages/limo_assessment
[1.112s] copying /home/adeola/CMP9767-Assessment/build/limo_assessment/build/lib/limo_assessment/pothole_detector.py -> /home/adeola/CMP9767-Assessment/install/limo_assessment/lib/python3.10/site-packages/limo_assessment
[1.112s] byte-compiling /home/adeola/CMP9767-Assessment/install/limo_assessment/lib/python3.10/site-packages/limo_assessment/__init__.py to __init__.cpython-310.pyc
[1.112s] byte-compiling /home/adeola/CMP9767-Assessment/install/limo_assessment/lib/python3.10/site-packages/limo_assessment/my_first_node.py to my_first_node.cpython-310.pyc
[1.113s] byte-compiling /home/adeola/CMP9767-Assessment/install/limo_assessment/lib/python3.10/site-packages/limo_assessment/pothole_detector.py to pothole_detector.cpython-310.pyc
[1.113s] running install_data
[1.113s] running install_egg_info
[1.114s] Copying ../../build/limo_assessment/limo_assessment.egg-info to /home/adeola/CMP9767-Assessment/install/limo_assessment/lib/python3.10/site-packages/limo_assessment-0.0.0-py3.10.egg-info
[1.115s] running install_scripts
[1.128s] Installing pothole_detector script to /home/adeola/CMP9767-Assessment/install/limo_assessment/lib/limo_assessment
[1.128s] Installing test_node script to /home/adeola/CMP9767-Assessment/install/limo_assessment/lib/limo_assessment
[1.129s] writing list of installed files to '/home/adeola/CMP9767-Assessment/build/limo_assessment/install.log'
[1.147s] Invoked command in '/home/adeola/CMP9767-Assessment/src/limo_assessment' returned '0': PYTHONPATH=/home/adeola/CMP9767-Assessment/build/limo_assessment/prefix_override:/home/adeola/CMP9767-Assessment/install/limo_assessment/lib/python3.10/site-packages:${PYTHONPATH} /usr/bin/python3 setup.py egg_info --egg-base ../../build/limo_assessment build --build-base /home/adeola/CMP9767-Assessment/build/limo_assessment/build install --record /home/adeola/CMP9767-Assessment/build/limo_assessment/install.log --single-version-externally-managed
