[1.303s] Invoking command in '/home/adeola/CMP9767-Assessment/src/limo_assessment': PYTHONPATH=/home/adeola/CMP9767-Assessment/build/limo_assessment/prefix_override:/home/adeola/CMP9767-Assessment/install/limo_assessment/lib/python3.10/site-packages:${PYTHONPATH} /usr/bin/python3 setup.py egg_info --egg-base ../../build/limo_assessment build --build-base /home/adeola/CMP9767-Assessment/build/limo_assessment/build install --record /home/adeola/CMP9767-Assessment/build/limo_assessment/install.log --single-version-externally-managed
[1.486s] running egg_info
[1.500s] writing ../../build/limo_assessment/limo_assessment.egg-info/PKG-INFO
[1.501s] writing dependency_links to ../../build/limo_assessment/limo_assessment.egg-info/dependency_links.txt
[1.501s] writing entry points to ../../build/limo_assessment/limo_assessment.egg-info/entry_points.txt
[1.501s] writing requirements to ../../build/limo_assessment/limo_assessment.egg-info/requires.txt
[1.501s] writing top-level names to ../../build/limo_assessment/limo_assessment.egg-info/top_level.txt
[1.529s] reading manifest file '../../build/limo_assessment/limo_assessment.egg-info/SOURCES.txt'
[1.530s] writing manifest file '../../build/limo_assessment/limo_assessment.egg-info/SOURCES.txt'
[1.531s] running build
[1.531s] running build_py
[1.531s] copying limo_assessment/__init__.py -> /home/adeola/CMP9767-Assessment/build/limo_assessment/build/lib/limo_assessment
[1.531s] copying limo_assessment/adeola_marker.py -> /home/adeola/CMP9767-Assessment/build/limo_assessment/build/lib/limo_assessment
[1.531s] copying limo_assessment/adeola_severity_report2.py -> /home/adeola/CMP9767-Assessment/build/limo_assessment/build/lib/limo_assessment
[1.531s] copying limo_assessment/adeola_severity_report.py -> /home/adeola/CMP9767-Assessment/build/limo_assessment/build/lib/limo_assessment
[1.531s] copying limo_assessment/adeola_posedetector1.py -> /home/adeola/CMP9767-Assessment/build/limo_assessment/build/lib/limo_assessment
[1.531s] copying limo_assessment/adeola_pothole_counter.py -> /home/adeola/CMP9767-Assessment/build/limo_assessment/build/lib/limo_assessment
[1.531s] copying limo_assessment/adeola_autonomous_navigation2.py -> /home/adeola/CMP9767-Assessment/build/limo_assessment/build/lib/limo_assessment
[1.531s] copying limo_assessment/adeola_posedetector2.py -> /home/adeola/CMP9767-Assessment/build/limo_assessment/build/lib/limo_assessment
[1.532s] copying limo_assessment/adeola_autonomous_navigation.py -> /home/adeola/CMP9767-Assessment/build/limo_assessment/build/lib/limo_assessment
[1.532s] running install
[1.716s] /home/adeola/.local/lib/python3.10/site-packages/setuptools/_distutils/cmd.py:66: SetuptoolsDeprecationWarning: setup.py install is deprecated.
[1.717s] !!
[1.717s] 
[1.717s]         ********************************************************************************
[1.717s]         Please avoid running ``setup.py`` directly.
[1.717s]         Instead, use pypa/build, pypa/installer or other
[1.717s]         standards-based tools.
[1.717s] 
[1.717s]         See https://blog.ganssle.io/articles/2021/10/setup-py-deprecated.html for details.
[1.717s]         ********************************************************************************
[1.717s] 
[1.717s] !!
[1.717s]   self.initialize_options()
[1.721s] running install_lib
[1.735s] copying /home/adeola/CMP9767-Assessment/build/limo_assessment/build/lib/limo_assessment/adeola_marker.py -> /home/adeola/CMP9767-Assessment/install/limo_assessment/lib/python3.10/site-packages/limo_assessment
[1.735s] copying /home/adeola/CMP9767-Assessment/build/limo_assessment/build/lib/limo_assessment/adeola_severity_report2.py -> /home/adeola/CMP9767-Assessment/install/limo_assessment/lib/python3.10/site-packages/limo_assessment
[1.735s] copying /home/adeola/CMP9767-Assessment/build/limo_assessment/build/lib/limo_assessment/adeola_severity_report.py -> /home/adeola/CMP9767-Assessment/install/limo_assessment/lib/python3.10/site-packages/limo_assessment
[1.735s] copying /home/adeola/CMP9767-Assessment/build/limo_assessment/build/lib/limo_assessment/adeola_autonomous_navigation.py -> /home/adeola/CMP9767-Assessment/install/limo_assessment/lib/python3.10/site-packages/limo_assessment
[1.736s] byte-compiling /home/adeola/CMP9767-Assessment/install/limo_assessment/lib/python3.10/site-packages/limo_assessment/adeola_marker.py to adeola_marker.cpython-310.pyc
[1.737s] byte-compiling /home/adeola/CMP9767-Assessment/install/limo_assessment/lib/python3.10/site-packages/limo_assessment/adeola_severity_report2.py to adeola_severity_report2.cpython-310.pyc
[1.738s] byte-compiling /home/adeola/CMP9767-Assessment/install/limo_assessment/lib/python3.10/site-packages/limo_assessment/adeola_severity_report.py to adeola_severity_report.cpython-310.pyc
[1.739s] byte-compiling /home/adeola/CMP9767-Assessment/install/limo_assessment/lib/python3.10/site-packages/limo_assessment/adeola_autonomous_navigation.py to adeola_autonomous_navigation.cpython-310.pyc
[1.739s] running install_data
[1.754s] copying resource/limo_assessment -> /home/adeola/CMP9767-Assessment/install/limo_assessment/share/ament_index/resource_index/packages
[1.754s] copying package.xml -> /home/adeola/CMP9767-Assessment/install/limo_assessment/share/limo_assessment
[1.754s] running install_egg_info
[1.769s] removing '/home/adeola/CMP9767-Assessment/install/limo_assessment/lib/python3.10/site-packages/limo_assessment-0.0.0-py3.10.egg-info' (and everything under it)
[1.769s] Copying ../../build/limo_assessment/limo_assessment.egg-info to /home/adeola/CMP9767-Assessment/install/limo_assessment/lib/python3.10/site-packages/limo_assessment-0.0.0-py3.10.egg-info
[1.792s] running install_scripts
[1.913s] Installing adeola_marker script to /home/adeola/CMP9767-Assessment/install/limo_assessment/lib/limo_assessment
[1.913s] Installing adeola_posedetector script to /home/adeola/CMP9767-Assessment/install/limo_assessment/lib/limo_assessment
[1.914s] Installing adeola_posedetector2 script to /home/adeola/CMP9767-Assessment/install/limo_assessment/lib/limo_assessment
[1.914s] Installing adeola_severity_report script to /home/adeola/CMP9767-Assessment/install/limo_assessment/lib/limo_assessment
[1.914s] Installing autonomous_navigation script to /home/adeola/CMP9767-Assessment/install/limo_assessment/lib/limo_assessment
[1.914s] Installing autonomous_navigation1 script to /home/adeola/CMP9767-Assessment/install/limo_assessment/lib/limo_assessment
[1.914s] Installing pothole_counter script to /home/adeola/CMP9767-Assessment/install/limo_assessment/lib/limo_assessment
[1.914s] writing list of installed files to '/home/adeola/CMP9767-Assessment/build/limo_assessment/install.log'
[1.942s] Invoked command in '/home/adeola/CMP9767-Assessment/src/limo_assessment' returned '0': PYTHONPATH=/home/adeola/CMP9767-Assessment/build/limo_assessment/prefix_override:/home/adeola/CMP9767-Assessment/install/limo_assessment/lib/python3.10/site-packages:${PYTHONPATH} /usr/bin/python3 setup.py egg_info --egg-base ../../build/limo_assessment build --build-base /home/adeola/CMP9767-Assessment/build/limo_assessment/build install --record /home/adeola/CMP9767-Assessment/build/limo_assessment/install.log --single-version-externally-managed
