[0.590s] Invoking command in '/home/adeola/CMP9767-Assessment/build/limo_assessment': PYTHONPATH=/home/adeola/CMP9767-Assessment/build/limo_assessment/prefix_override:/home/adeola/CMP9767-Assessment/install/limo_assessment/lib/python3.10/site-packages:${PYTHONPATH} /usr/bin/python3 setup.py develop --editable --build-directory /home/adeola/CMP9767-Assessment/build/limo_assessment/build --no-deps install_data
[0.783s] running develop
[0.916s] running egg_info
[0.916s] writing limo_assessment.egg-info/PKG-INFO
[0.916s] writing dependency_links to limo_assessment.egg-info/dependency_links.txt
[0.916s] writing entry points to limo_assessment.egg-info/entry_points.txt
[0.916s] writing requirements to limo_assessment.egg-info/requires.txt
[0.916s] writing top-level names to limo_assessment.egg-info/top_level.txt
[0.917s] reading manifest file 'limo_assessment.egg-info/SOURCES.txt'
[0.918s] writing manifest file 'limo_assessment.egg-info/SOURCES.txt'
[0.919s] running build_ext
[0.919s] Creating /home/adeola/CMP9767-Assessment/install/limo_assessment/lib/python3.10/site-packages/limo-assessment.egg-link (link to .)
[0.919s] Installing draw_circle script to /home/adeola/CMP9767-Assessment/install/limo_assessment/lib/limo_assessment
[0.919s] Installing pothole_detector script to /home/adeola/CMP9767-Assessment/install/limo_assessment/lib/limo_assessment
[0.919s] Installing test_node script to /home/adeola/CMP9767-Assessment/install/limo_assessment/lib/limo_assessment
[0.920s] 
[0.920s] Installed /home/adeola/CMP9767-Assessment/build/limo_assessment
[0.920s] running install_data
[0.920s] copying package.xml -> /home/adeola/CMP9767-Assessment/install/limo_assessment/share/limo_assessment
[0.944s] Invoked command in '/home/adeola/CMP9767-Assessment/build/limo_assessment' returned '0': PYTHONPATH=/home/adeola/CMP9767-Assessment/build/limo_assessment/prefix_override:/home/adeola/CMP9767-Assessment/install/limo_assessment/lib/python3.10/site-packages:${PYTHONPATH} /usr/bin/python3 setup.py develop --editable --build-directory /home/adeola/CMP9767-Assessment/build/limo_assessment/build --no-deps install_data
