[1.377s] Invoking command in '/home/adeola/CMP9767-Assessment/src/limo_assessment': PYTHONPATH=/home/adeola/CMP9767-Assessment/build/limo_assessment/prefix_override:/home/adeola/CMP9767-Assessment/install/limo_assessment/lib/python3.10/site-packages:${PYTHONPATH} /usr/bin/python3 setup.py egg_info --egg-base ../../build/limo_assessment build --build-base /home/adeola/CMP9767-Assessment/build/limo_assessment/build install --record /home/adeola/CMP9767-Assessment/build/limo_assessment/install.log --single-version-externally-managed
[1.531s] running egg_info
[1.545s] writing ../../build/limo_assessment/limo_assessment.egg-info/PKG-INFO
[1.545s] writing dependency_links to ../../build/limo_assessment/limo_assessment.egg-info/dependency_links.txt
[1.545s] writing entry points to ../../build/limo_assessment/limo_assessment.egg-info/entry_points.txt
[1.545s] writing requirements to ../../build/limo_assessment/limo_assessment.egg-info/requires.txt
[1.545s] writing top-level names to ../../build/limo_assessment/limo_assessment.egg-info/top_level.txt
[1.569s] reading manifest file '../../build/limo_assessment/limo_assessment.egg-info/SOURCES.txt'
[1.570s] writing manifest file '../../build/limo_assessment/limo_assessment.egg-info/SOURCES.txt'
[1.570s] running build
[1.570s] running build_py
[1.570s] copying limo_assessment/__init__.py -> /home/adeola/CMP9767-Assessment/build/limo_assessment/build/lib/limo_assessment
[1.570s] copying limo_assessment/1.py -> /home/adeola/CMP9767-Assessment/build/limo_assessment/build/lib/limo_assessment
[1.570s] copying limo_assessment/autonomous_navigation.py -> /home/adeola/CMP9767-Assessment/build/limo_assessment/build/lib/limo_assessment
[1.570s] copying limo_assessment/Report2.py -> /home/adeola/CMP9767-Assessment/build/limo_assessment/build/lib/limo_assessment
[1.570s] copying limo_assessment/Color processing.py -> /home/adeola/CMP9767-Assessment/build/limo_assessment/build/lib/limo_assessment
[1.570s] copying limo_assessment/Report.py -> /home/adeola/CMP9767-Assessment/build/limo_assessment/build/lib/limo_assessment
[1.571s] copying limo_assessment/pothole_counter.py -> /home/adeola/CMP9767-Assessment/build/limo_assessment/build/lib/limo_assessment
[1.571s] copying limo_assessment/Test10.py -> /home/adeola/CMP9767-Assessment/build/limo_assessment/build/lib/limo_assessment
[1.571s] copying limo_assessment/Color detection and distance.py -> /home/adeola/CMP9767-Assessment/build/limo_assessment/build/lib/limo_assessment
[1.571s] running install
[1.595s] /home/adeola/.local/lib/python3.10/site-packages/setuptools/_distutils/cmd.py:66: SetuptoolsDeprecationWarning: setup.py install is deprecated.
[1.595s] !!
[1.595s] 
[1.595s]         ********************************************************************************
[1.595s]         Please avoid running ``setup.py`` directly.
[1.595s]         Instead, use pypa/build, pypa/installer or other
[1.595s]         standards-based tools.
[1.595s] 
[1.596s]         See https://blog.ganssle.io/articles/2021/10/setup-py-deprecated.html for details.
[1.596s]         ********************************************************************************
[1.596s] 
[1.596s] !!
[1.596s]   self.initialize_options()
[1.600s] running install_lib
[1.612s] copying /home/adeola/CMP9767-Assessment/build/limo_assessment/build/lib/limo_assessment/1.py -> /home/adeola/CMP9767-Assessment/install/limo_assessment/lib/python3.10/site-packages/limo_assessment
[1.612s] copying /home/adeola/CMP9767-Assessment/build/limo_assessment/build/lib/limo_assessment/Report2.py -> /home/adeola/CMP9767-Assessment/install/limo_assessment/lib/python3.10/site-packages/limo_assessment
[1.613s] copying /home/adeola/CMP9767-Assessment/build/limo_assessment/build/lib/limo_assessment/Report.py -> /home/adeola/CMP9767-Assessment/install/limo_assessment/lib/python3.10/site-packages/limo_assessment
[1.613s] copying /home/adeola/CMP9767-Assessment/build/limo_assessment/build/lib/limo_assessment/Color detection and distance.py -> /home/adeola/CMP9767-Assessment/install/limo_assessment/lib/python3.10/site-packages/limo_assessment
[1.613s] byte-compiling /home/adeola/CMP9767-Assessment/install/limo_assessment/lib/python3.10/site-packages/limo_assessment/1.py to 1.cpython-310.pyc
[1.614s] byte-compiling /home/adeola/CMP9767-Assessment/install/limo_assessment/lib/python3.10/site-packages/limo_assessment/Report2.py to Report2.cpython-310.pyc
[1.615s] byte-compiling /home/adeola/CMP9767-Assessment/install/limo_assessment/lib/python3.10/site-packages/limo_assessment/Report.py to Report.cpython-310.pyc
[1.616s] byte-compiling /home/adeola/CMP9767-Assessment/install/limo_assessment/lib/python3.10/site-packages/limo_assessment/Color detection and distance.py to Color detection and distance.cpython-310.pyc
[1.616s] running install_data
[1.628s] copying resource/limo_assessment -> /home/adeola/CMP9767-Assessment/install/limo_assessment/share/ament_index/resource_index/packages
[1.628s] copying package.xml -> /home/adeola/CMP9767-Assessment/install/limo_assessment/share/limo_assessment
[1.628s] running install_egg_info
[1.640s] removing '/home/adeola/CMP9767-Assessment/install/limo_assessment/lib/python3.10/site-packages/limo_assessment-0.0.0-py3.10.egg-info' (and everything under it)
[1.640s] Copying ../../build/limo_assessment/limo_assessment.egg-info to /home/adeola/CMP9767-Assessment/install/limo_assessment/lib/python3.10/site-packages/limo_assessment-0.0.0-py3.10.egg-info
[1.840s] running install_scripts
[1.960s] Installing autonomous_navigation script to /home/adeola/CMP9767-Assessment/install/limo_assessment/lib/limo_assessment
[1.960s] Installing pothole_counter script to /home/adeola/CMP9767-Assessment/install/limo_assessment/lib/limo_assessment
[1.960s] writing list of installed files to '/home/adeola/CMP9767-Assessment/build/limo_assessment/install.log'
[1.979s] Invoked command in '/home/adeola/CMP9767-Assessment/src/limo_assessment' returned '0': PYTHONPATH=/home/adeola/CMP9767-Assessment/build/limo_assessment/prefix_override:/home/adeola/CMP9767-Assessment/install/limo_assessment/lib/python3.10/site-packages:${PYTHONPATH} /usr/bin/python3 setup.py egg_info --egg-base ../../build/limo_assessment build --build-base /home/adeola/CMP9767-Assessment/build/limo_assessment/build install --record /home/adeola/CMP9767-Assessment/build/limo_assessment/install.log --single-version-externally-managed
