[0.753s] Invoking command in '/home/adeola/CMP9767-Assessment/src/limo_assessment': PYTHONPATH=/home/adeola/CMP9767-Assessment/build/limo_assessment/prefix_override:/home/adeola/CMP9767-Assessment/install/limo_assessment/lib/python3.10/site-packages:${PYTHONPATH} /usr/bin/python3 setup.py egg_info --egg-base ../../build/limo_assessment build --build-base /home/adeola/CMP9767-Assessment/build/limo_assessment/build install --record /home/adeola/CMP9767-Assessment/build/limo_assessment/install.log --single-version-externally-managed
[0.923s] running egg_info
[0.937s] writing ../../build/limo_assessment/limo_assessment.egg-info/PKG-INFO
[0.937s] writing dependency_links to ../../build/limo_assessment/limo_assessment.egg-info/dependency_links.txt
[0.937s] writing entry points to ../../build/limo_assessment/limo_assessment.egg-info/entry_points.txt
[0.937s] writing requirements to ../../build/limo_assessment/limo_assessment.egg-info/requires.txt
[0.938s] writing top-level names to ../../build/limo_assessment/limo_assessment.egg-info/top_level.txt
[0.964s] reading manifest file '../../build/limo_assessment/limo_assessment.egg-info/SOURCES.txt'
[0.965s] writing manifest file '../../build/limo_assessment/limo_assessment.egg-info/SOURCES.txt'
[0.965s] running build
[0.965s] running build_py
[0.965s] copying limo_assessment/__init__.py -> /home/adeola/CMP9767-Assessment/build/limo_assessment/build/lib/limo_assessment
[0.965s] copying limo_assessment/1.py -> /home/adeola/CMP9767-Assessment/build/limo_assessment/build/lib/limo_assessment
[0.965s] copying limo_assessment/autonomous_navigation.py -> /home/adeola/CMP9767-Assessment/build/limo_assessment/build/lib/limo_assessment
[0.965s] copying limo_assessment/Report2.py -> /home/adeola/CMP9767-Assessment/build/limo_assessment/build/lib/limo_assessment
[0.965s] copying limo_assessment/Color processing.py -> /home/adeola/CMP9767-Assessment/build/limo_assessment/build/lib/limo_assessment
[0.966s] copying limo_assessment/Report.py -> /home/adeola/CMP9767-Assessment/build/limo_assessment/build/lib/limo_assessment
[0.966s] copying limo_assessment/pothole_counter.py -> /home/adeola/CMP9767-Assessment/build/limo_assessment/build/lib/limo_assessment
[0.966s] copying limo_assessment/Test10.py -> /home/adeola/CMP9767-Assessment/build/limo_assessment/build/lib/limo_assessment
[0.966s] copying limo_assessment/Color detection and distance.py -> /home/adeola/CMP9767-Assessment/build/limo_assessment/build/lib/limo_assessment
[0.966s] running install
[0.966s] /home/adeola/.local/lib/python3.10/site-packages/setuptools/_distutils/cmd.py:66: SetuptoolsDeprecationWarning: setup.py install is deprecated.
[0.966s] !!
[0.966s] 
[0.966s]         ********************************************************************************
[0.966s]         Please avoid running ``setup.py`` directly.
[0.966s]         Instead, use pypa/build, pypa/installer or other
[0.966s]         standards-based tools.
[0.967s] 
[0.967s]         See https://blog.ganssle.io/articles/2021/10/setup-py-deprecated.html for details.
[0.967s]         ********************************************************************************
[0.967s] 
[0.967s] !!
[0.967s]   self.initialize_options()
[0.970s] running install_lib
[0.984s] copying /home/adeola/CMP9767-Assessment/build/limo_assessment/build/lib/limo_assessment/autonomous_navigation.py -> /home/adeola/CMP9767-Assessment/install/limo_assessment/lib/python3.10/site-packages/limo_assessment
[0.984s] copying /home/adeola/CMP9767-Assessment/build/limo_assessment/build/lib/limo_assessment/pothole_counter.py -> /home/adeola/CMP9767-Assessment/install/limo_assessment/lib/python3.10/site-packages/limo_assessment
[0.984s] copying /home/adeola/CMP9767-Assessment/build/limo_assessment/build/lib/limo_assessment/Test10.py -> /home/adeola/CMP9767-Assessment/install/limo_assessment/lib/python3.10/site-packages/limo_assessment
[0.985s] byte-compiling /home/adeola/CMP9767-Assessment/install/limo_assessment/lib/python3.10/site-packages/limo_assessment/autonomous_navigation.py to autonomous_navigation.cpython-310.pyc
[0.985s] byte-compiling /home/adeola/CMP9767-Assessment/install/limo_assessment/lib/python3.10/site-packages/limo_assessment/pothole_counter.py to pothole_counter.cpython-310.pyc
[0.986s] byte-compiling /home/adeola/CMP9767-Assessment/install/limo_assessment/lib/python3.10/site-packages/limo_assessment/Test10.py to Test10.cpython-310.pyc
[0.987s] running install_data
[1.000s] copying resource/limo_assessment -> /home/adeola/CMP9767-Assessment/install/limo_assessment/share/ament_index/resource_index/packages
[1.000s] copying package.xml -> /home/adeola/CMP9767-Assessment/install/limo_assessment/share/limo_assessment
[1.000s] running install_egg_info
[1.015s] removing '/home/adeola/CMP9767-Assessment/install/limo_assessment/lib/python3.10/site-packages/limo_assessment-0.0.0-py3.10.egg-info' (and everything under it)
[1.015s] Copying ../../build/limo_assessment/limo_assessment.egg-info to /home/adeola/CMP9767-Assessment/install/limo_assessment/lib/python3.10/site-packages/limo_assessment-0.0.0-py3.10.egg-info
[1.016s] running install_scripts
[1.134s] Installing autonomous_navigation script to /home/adeola/CMP9767-Assessment/install/limo_assessment/lib/limo_assessment
[1.134s] Installing pothole_counter script to /home/adeola/CMP9767-Assessment/install/limo_assessment/lib/limo_assessment
[1.135s] writing list of installed files to '/home/adeola/CMP9767-Assessment/build/limo_assessment/install.log'
[1.159s] Invoked command in '/home/adeola/CMP9767-Assessment/src/limo_assessment' returned '0': PYTHONPATH=/home/adeola/CMP9767-Assessment/build/limo_assessment/prefix_override:/home/adeola/CMP9767-Assessment/install/limo_assessment/lib/python3.10/site-packages:${PYTHONPATH} /usr/bin/python3 setup.py egg_info --egg-base ../../build/limo_assessment build --build-base /home/adeola/CMP9767-Assessment/build/limo_assessment/build install --record /home/adeola/CMP9767-Assessment/build/limo_assessment/install.log --single-version-externally-managed
