[0.748s] DEBUG:colcon:Command line arguments: ['/usr/bin/colcon', 'build', '--symlink-install']
[0.748s] DEBUG:colcon:Parsed command line arguments: Namespace(log_base=None, log_level=None, verb_name='build', build_base='build', install_base='install', merge_install=False, symlink_install=True, test_result_base=None, continue_on_error=False, executor='parallel', parallel_workers=12, event_handlers=None, ignore_user_meta=False, metas=['./colcon.meta'], base_paths=['.'], packages_ignore=None, packages_ignore_regex=None, paths=None, packages_up_to=None, packages_up_to_regex=None, packages_above=None, packages_above_and_dependencies=None, packages_above_depth=None, packages_select_by_dep=None, packages_skip_by_dep=None, packages_skip_up_to=None, packages_select_build_failed=False, packages_skip_build_finished=False, packages_select_test_failures=False, packages_skip_test_passed=False, packages_select=None, packages_skip=None, packages_select_regex=None, packages_skip_regex=None, packages_start=None, packages_end=None, allow_overriding=[], cmake_args=None, cmake_target=None, cmake_target_skip_unavailable=False, cmake_clean_cache=False, cmake_clean_first=False, cmake_force_configure=False, ament_cmake_args=None, catkin_cmake_args=None, catkin_skip_building_tests=False, verb_parser=<colcon_defaults.argument_parser.defaults.DefaultArgumentsDecorator object at 0x7fbaf0b335b0>, verb_extension=<colcon_core.verb.build.BuildVerb object at 0x7fbaf10df640>, main=<bound method BuildVerb.main of <colcon_core.verb.build.BuildVerb object at 0x7fbaf10df640>>)
[0.781s] Level 1:colcon.colcon_core.package_discovery:discover_packages(colcon_meta) check parameters
[0.781s] Level 1:colcon.colcon_core.package_discovery:discover_packages(recursive) check parameters
[0.781s] Level 1:colcon.colcon_core.package_discovery:discover_packages(ignore) check parameters
[0.781s] Level 1:colcon.colcon_core.package_discovery:discover_packages(path) check parameters
[0.781s] Level 1:colcon.colcon_core.package_discovery:discover_packages(colcon_meta) discover
[0.781s] Level 1:colcon.colcon_core.package_discovery:discover_packages(recursive) discover
[0.781s] INFO:colcon.colcon_core.package_discovery:Crawling recursively for packages in '/home/adeola/CMP9767-Assessment'
[0.782s] Level 1:colcon.colcon_core.package_identification:_identify(.) by extensions ['ignore', 'ignore_ament_install']
[0.782s] Level 1:colcon.colcon_core.package_identification:_identify(.) by extension 'ignore'
[0.782s] Level 1:colcon.colcon_core.package_identification:_identify(.) by extension 'ignore_ament_install'
[0.782s] Level 1:colcon.colcon_core.package_identification:_identify(.) by extensions ['colcon_pkg']
[0.782s] Level 1:colcon.colcon_core.package_identification:_identify(.) by extension 'colcon_pkg'
[0.782s] Level 1:colcon.colcon_core.package_identification:_identify(.) by extensions ['colcon_meta']
[0.782s] Level 1:colcon.colcon_core.package_identification:_identify(.) by extension 'colcon_meta'
[0.782s] Level 1:colcon.colcon_core.package_identification:_identify(.) by extensions ['ros']
[0.782s] Level 1:colcon.colcon_core.package_identification:_identify(.) by extension 'ros'
[0.790s] Level 1:colcon.colcon_core.package_identification:_identify(.) by extensions ['cmake', 'python']
[0.790s] Level 1:colcon.colcon_core.package_identification:_identify(.) by extension 'cmake'
[0.790s] Level 1:colcon.colcon_core.package_identification:_identify(.) by extension 'python'
[0.790s] Level 1:colcon.colcon_core.package_identification:_identify(.) by extensions ['python_setup_py']
[0.790s] Level 1:colcon.colcon_core.package_identification:_identify(.) by extension 'python_setup_py'
[0.790s] Level 1:colcon.colcon_core.package_identification:_identify(build) by extensions ['ignore', 'ignore_ament_install']
[0.790s] Level 1:colcon.colcon_core.package_identification:_identify(build) by extension 'ignore'
[0.790s] Level 1:colcon.colcon_core.package_identification:_identify(build) ignored
[0.790s] Level 1:colcon.colcon_core.package_identification:_identify(install) by extensions ['ignore', 'ignore_ament_install']
[0.790s] Level 1:colcon.colcon_core.package_identification:_identify(install) by extension 'ignore'
[0.790s] Level 1:colcon.colcon_core.package_identification:_identify(install) ignored
[0.790s] Level 1:colcon.colcon_core.package_identification:_identify(log) by extensions ['ignore', 'ignore_ament_install']
[0.790s] Level 1:colcon.colcon_core.package_identification:_identify(log) by extension 'ignore'
[0.790s] Level 1:colcon.colcon_core.package_identification:_identify(log) ignored
[0.790s] Level 1:colcon.colcon_core.package_identification:_identify(src) by extensions ['ignore', 'ignore_ament_install']
[0.791s] Level 1:colcon.colcon_core.package_identification:_identify(src) by extension 'ignore'
[0.791s] Level 1:colcon.colcon_core.package_identification:_identify(src) by extension 'ignore_ament_install'
[0.791s] Level 1:colcon.colcon_core.package_identification:_identify(src) by extensions ['colcon_pkg']
[0.791s] Level 1:colcon.colcon_core.package_identification:_identify(src) by extension 'colcon_pkg'
[0.791s] Level 1:colcon.colcon_core.package_identification:_identify(src) by extensions ['colcon_meta']
[0.791s] Level 1:colcon.colcon_core.package_identification:_identify(src) by extension 'colcon_meta'
[0.791s] Level 1:colcon.colcon_core.package_identification:_identify(src) by extensions ['ros']
[0.791s] Level 1:colcon.colcon_core.package_identification:_identify(src) by extension 'ros'
[0.791s] Level 1:colcon.colcon_core.package_identification:_identify(src) by extensions ['cmake', 'python']
[0.791s] Level 1:colcon.colcon_core.package_identification:_identify(src) by extension 'cmake'
[0.791s] Level 1:colcon.colcon_core.package_identification:_identify(src) by extension 'python'
[0.791s] Level 1:colcon.colcon_core.package_identification:_identify(src) by extensions ['python_setup_py']
[0.791s] Level 1:colcon.colcon_core.package_identification:_identify(src) by extension 'python_setup_py'
[0.791s] Level 1:colcon.colcon_core.package_identification:_identify(src/limo_assessment) by extensions ['ignore', 'ignore_ament_install']
[0.791s] Level 1:colcon.colcon_core.package_identification:_identify(src/limo_assessment) by extension 'ignore'
[0.791s] Level 1:colcon.colcon_core.package_identification:_identify(src/limo_assessment) by extension 'ignore_ament_install'
[0.791s] Level 1:colcon.colcon_core.package_identification:_identify(src/limo_assessment) by extensions ['colcon_pkg']
[0.791s] Level 1:colcon.colcon_core.package_identification:_identify(src/limo_assessment) by extension 'colcon_pkg'
[0.791s] Level 1:colcon.colcon_core.package_identification:_identify(src/limo_assessment) by extensions ['colcon_meta']
[0.791s] Level 1:colcon.colcon_core.package_identification:_identify(src/limo_assessment) by extension 'colcon_meta'
[0.791s] Level 1:colcon.colcon_core.package_identification:_identify(src/limo_assessment) by extensions ['ros']
[0.791s] Level 1:colcon.colcon_core.package_identification:_identify(src/limo_assessment) by extension 'ros'
[0.794s] DEBUG:colcon.colcon_core.package_identification:Package 'src/limo_assessment' with type 'ros.ament_python' and name 'limo_assessment'
[0.794s] Level 1:colcon.colcon_core.package_discovery:discover_packages(recursive) using defaults
[0.794s] Level 1:colcon.colcon_core.package_discovery:discover_packages(ignore) discover
[0.794s] Level 1:colcon.colcon_core.package_discovery:discover_packages(ignore) using defaults
[0.794s] Level 1:colcon.colcon_core.package_discovery:discover_packages(path) discover
[0.794s] Level 1:colcon.colcon_core.package_discovery:discover_packages(path) using defaults
[0.861s] Level 1:colcon.colcon_core.package_discovery:discover_packages(prefix_path) check parameters
[0.861s] Level 1:colcon.colcon_core.package_discovery:discover_packages(prefix_path) discover
[0.891s] DEBUG:colcon.colcon_installed_package_information.package_discovery:Found 2 installed packages in /home/adeola/CMP9767-Assessment/install
[0.902s] DEBUG:colcon.colcon_installed_package_information.package_discovery:Found 10 installed packages in /home/adeola/Documents/limo_ros2/install
[0.914s] DEBUG:colcon.colcon_installed_package_information.package_discovery:Found 347 installed packages in /opt/ros/humble
[0.915s] Level 1:colcon.colcon_core.package_discovery:discover_packages(prefix_path) using defaults
[0.982s] Level 5:colcon.colcon_core.verb:set package 'limo_assessment' build argument 'cmake_args' from command line to 'None'
[0.982s] Level 5:colcon.colcon_core.verb:set package 'limo_assessment' build argument 'cmake_target' from command line to 'None'
[0.982s] Level 5:colcon.colcon_core.verb:set package 'limo_assessment' build argument 'cmake_target_skip_unavailable' from command line to 'False'
[0.982s] Level 5:colcon.colcon_core.verb:set package 'limo_assessment' build argument 'cmake_clean_cache' from command line to 'False'
[0.982s] Level 5:colcon.colcon_core.verb:set package 'limo_assessment' build argument 'cmake_clean_first' from command line to 'False'
[0.982s] Level 5:colcon.colcon_core.verb:set package 'limo_assessment' build argument 'cmake_force_configure' from command line to 'False'
[0.982s] Level 5:colcon.colcon_core.verb:set package 'limo_assessment' build argument 'ament_cmake_args' from command line to 'None'
[0.982s] Level 5:colcon.colcon_core.verb:set package 'limo_assessment' build argument 'catkin_cmake_args' from command line to 'None'
[0.982s] Level 5:colcon.colcon_core.verb:set package 'limo_assessment' build argument 'catkin_skip_building_tests' from command line to 'False'
[0.982s] DEBUG:colcon.colcon_core.verb:Building package 'limo_assessment' with the following arguments: {'ament_cmake_args': None, 'build_base': '/home/adeola/CMP9767-Assessment/build/limo_assessment', 'catkin_cmake_args': None, 'catkin_skip_building_tests': False, 'cmake_args': None, 'cmake_clean_cache': False, 'cmake_clean_first': False, 'cmake_force_configure': False, 'cmake_target': None, 'cmake_target_skip_unavailable': False, 'install_base': '/home/adeola/CMP9767-Assessment/install/limo_assessment', 'merge_install': False, 'path': '/home/adeola/CMP9767-Assessment/src/limo_assessment', 'symlink_install': True, 'test_result_base': None}
[0.993s] INFO:colcon.colcon_core.executor:Executing jobs using 'parallel' executor
[1.005s] DEBUG:colcon.colcon_parallel_executor.executor.parallel:run_until_complete
[1.005s] INFO:colcon.colcon_ros.task.ament_python.build:Building ROS package in '/home/adeola/CMP9767-Assessment/src/limo_assessment' with build type 'ament_python'
[1.005s] Level 1:colcon.colcon_core.shell:create_environment_hook('limo_assessment', 'ament_prefix_path')
[1.018s] INFO:colcon.colcon_core.plugin_system:Skipping extension 'colcon_core.shell.bat': Not used on non-Windows systems
[1.018s] INFO:colcon.colcon_core.shell:Creating environment hook '/home/adeola/CMP9767-Assessment/install/limo_assessment/share/limo_assessment/hook/ament_prefix_path.ps1'
[1.018s] INFO:colcon.colcon_core.shell:Creating environment descriptor '/home/adeola/CMP9767-Assessment/install/limo_assessment/share/limo_assessment/hook/ament_prefix_path.dsv'
[1.018s] INFO:colcon.colcon_core.shell:Creating environment hook '/home/adeola/CMP9767-Assessment/install/limo_assessment/share/limo_assessment/hook/ament_prefix_path.sh'
[1.030s] INFO:colcon.colcon_core.shell:Skip shell extension 'powershell' for command environment: Not usable outside of PowerShell
[1.030s] DEBUG:colcon.colcon_core.shell:Skip shell extension 'dsv' for command environment
[1.273s] INFO:colcon.colcon_core.task.python.build:Building Python package in '/home/adeola/CMP9767-Assessment/src/limo_assessment'
[1.284s] INFO:colcon.colcon_core.shell:Skip shell extension 'powershell' for command environment: Not usable outside of PowerShell
[1.284s] DEBUG:colcon.colcon_core.shell:Skip shell extension 'dsv' for command environment
[1.594s] DEBUG:colcon.colcon_core.task.python.build:While undoing a previous installation files outside the Python library path are being ignored: /home/adeola/CMP9767-Assessment/install/limo_assessment/share/ament_index/resource_index/packages/limo_assessment
[1.594s] DEBUG:colcon.colcon_core.task.python.build:While undoing a previous installation files outside the Python library path are being ignored: /home/adeola/CMP9767-Assessment/install/limo_assessment/share/limo_assessment/package.xml
[1.594s] DEBUG:colcon.colcon_core.task.python.build:While undoing a previous installation files outside the Python library path are being ignored: /home/adeola/CMP9767-Assessment/install/limo_assessment/lib/limo_assessment/pothole_detector
[1.594s] DEBUG:colcon.colcon_core.task.python.build:While undoing a previous installation files outside the Python library path are being ignored: /home/adeola/CMP9767-Assessment/install/limo_assessment/lib/limo_assessment/test_node
[1.595s] DEBUG:colcon.colcon_core.event_handler.log_command:Invoking command in '/home/adeola/CMP9767-Assessment/build/limo_assessment': PYTHONPATH=/home/adeola/CMP9767-Assessment/build/limo_assessment/prefix_override:/home/adeola/CMP9767-Assessment/install/limo_assessment/lib/python3.10/site-packages:${PYTHONPATH} /usr/bin/python3 setup.py develop --editable --build-directory /home/adeola/CMP9767-Assessment/build/limo_assessment/build --no-deps install_data
[1.948s] Level 1:colcon.colcon_core.shell:create_environment_hook('limo_assessment', 'pythonpath_develop')
[1.949s] DEBUG:colcon.colcon_core.event_handler.log_command:Invoked command in '/home/adeola/CMP9767-Assessment/build/limo_assessment' returned '0': PYTHONPATH=/home/adeola/CMP9767-Assessment/build/limo_assessment/prefix_override:/home/adeola/CMP9767-Assessment/install/limo_assessment/lib/python3.10/site-packages:${PYTHONPATH} /usr/bin/python3 setup.py develop --editable --build-directory /home/adeola/CMP9767-Assessment/build/limo_assessment/build --no-deps install_data
[1.960s] INFO:colcon.colcon_core.shell:Creating environment hook '/home/adeola/CMP9767-Assessment/build/limo_assessment/share/limo_assessment/hook/pythonpath_develop.ps1'
[1.960s] INFO:colcon.colcon_core.shell:Creating environment descriptor '/home/adeola/CMP9767-Assessment/build/limo_assessment/share/limo_assessment/hook/pythonpath_develop.dsv'
[1.960s] INFO:colcon.colcon_core.shell:Creating environment hook '/home/adeola/CMP9767-Assessment/build/limo_assessment/share/limo_assessment/hook/pythonpath_develop.sh'
[1.974s] Level 1:colcon.colcon_core.environment:checking '/home/adeola/CMP9767-Assessment/install/limo_assessment' for CMake module files
[1.974s] Level 1:colcon.colcon_core.environment:checking '/home/adeola/CMP9767-Assessment/install/limo_assessment' for CMake config files
[1.975s] Level 1:colcon.colcon_core.environment:checking '/home/adeola/CMP9767-Assessment/install/limo_assessment/lib'
[1.975s] Level 1:colcon.colcon_core.environment:checking '/home/adeola/CMP9767-Assessment/install/limo_assessment/bin'
[1.975s] Level 1:colcon.colcon_core.environment:checking '/home/adeola/CMP9767-Assessment/install/limo_assessment/lib/pkgconfig/limo_assessment.pc'
[1.975s] Level 1:colcon.colcon_core.environment:checking '/home/adeola/CMP9767-Assessment/install/limo_assessment/lib/python3.10/site-packages'
[1.975s] Level 1:colcon.colcon_core.shell:create_environment_hook('limo_assessment', 'pythonpath')
[1.985s] INFO:colcon.colcon_core.shell:Creating environment hook '/home/adeola/CMP9767-Assessment/install/limo_assessment/share/limo_assessment/hook/pythonpath.ps1'
[1.986s] INFO:colcon.colcon_core.shell:Creating environment descriptor '/home/adeola/CMP9767-Assessment/install/limo_assessment/share/limo_assessment/hook/pythonpath.dsv'
[1.986s] INFO:colcon.colcon_core.shell:Creating environment hook '/home/adeola/CMP9767-Assessment/install/limo_assessment/share/limo_assessment/hook/pythonpath.sh'
[1.986s] Level 1:colcon.colcon_core.environment:checking '/home/adeola/CMP9767-Assessment/install/limo_assessment/bin'
[1.986s] Level 1:colcon.colcon_core.environment:create_environment_scripts_only(limo_assessment)
[1.997s] INFO:colcon.colcon_core.shell:Creating package script '/home/adeola/CMP9767-Assessment/install/limo_assessment/share/limo_assessment/package.ps1'
[1.998s] INFO:colcon.colcon_core.shell:Creating package descriptor '/home/adeola/CMP9767-Assessment/install/limo_assessment/share/limo_assessment/package.dsv'
[1.998s] INFO:colcon.colcon_core.shell:Creating package script '/home/adeola/CMP9767-Assessment/install/limo_assessment/share/limo_assessment/package.sh'
[1.999s] INFO:colcon.colcon_core.shell:Creating package script '/home/adeola/CMP9767-Assessment/install/limo_assessment/share/limo_assessment/package.bash'
[1.999s] INFO:colcon.colcon_core.shell:Creating package script '/home/adeola/CMP9767-Assessment/install/limo_assessment/share/limo_assessment/package.zsh'
[1.999s] Level 1:colcon.colcon_core.environment:create_file_with_runtime_dependencies(/home/adeola/CMP9767-Assessment/install/limo_assessment/share/colcon-core/packages/limo_assessment)
[2.000s] DEBUG:colcon.colcon_parallel_executor.executor.parallel:closing loop
[2.000s] DEBUG:colcon.colcon_parallel_executor.executor.parallel:loop closed
[2.000s] DEBUG:colcon.colcon_parallel_executor.executor.parallel:run_until_complete finished with '0'
[2.000s] DEBUG:colcon.colcon_core.event_reactor:joining thread
[2.016s] INFO:colcon.colcon_core.plugin_system:Skipping extension 'colcon_notification.desktop_notification.terminal_notifier': Not used on non-Darwin systems
[2.016s] INFO:colcon.colcon_core.plugin_system:Skipping extension 'colcon_notification.desktop_notification.win32': Not used on non-Windows systems
[2.016s] INFO:colcon.colcon_notification.desktop_notification:Sending desktop notification using 'notify2'
[2.027s] DEBUG:colcon.colcon_core.event_reactor:joined thread
[2.039s] INFO:colcon.colcon_core.shell:Creating prefix script '/home/adeola/CMP9767-Assessment/install/local_setup.ps1'
[2.040s] INFO:colcon.colcon_core.shell:Creating prefix util module '/home/adeola/CMP9767-Assessment/install/_local_setup_util_ps1.py'
[2.041s] INFO:colcon.colcon_core.shell:Creating prefix chain script '/home/adeola/CMP9767-Assessment/install/setup.ps1'
[2.053s] INFO:colcon.colcon_core.shell:Creating prefix script '/home/adeola/CMP9767-Assessment/install/local_setup.sh'
[2.054s] INFO:colcon.colcon_core.shell:Creating prefix util module '/home/adeola/CMP9767-Assessment/install/_local_setup_util_sh.py'
[2.054s] INFO:colcon.colcon_core.shell:Creating prefix chain script '/home/adeola/CMP9767-Assessment/install/setup.sh'
[2.066s] INFO:colcon.colcon_core.shell:Creating prefix script '/home/adeola/CMP9767-Assessment/install/local_setup.bash'
[2.067s] INFO:colcon.colcon_core.shell:Creating prefix chain script '/home/adeola/CMP9767-Assessment/install/setup.bash'
[2.079s] INFO:colcon.colcon_core.shell:Creating prefix script '/home/adeola/CMP9767-Assessment/install/local_setup.zsh'
[2.080s] INFO:colcon.colcon_core.shell:Creating prefix chain script '/home/adeola/CMP9767-Assessment/install/setup.zsh'
