/home/adeola/CMP9767-Assessment/install/limo_assessment/lib/python3.10/site-packages/limo_assessment/__init__.py
/home/adeola/CMP9767-Assessment/install/limo_assessment/lib/python3.10/site-packages/limo_assessment/Test3.py
/home/adeola/CMP9767-Assessment/install/limo_assessment/lib/python3.10/site-packages/limo_assessment/pothole_detectorHSV.py
/home/adeola/CMP9767-Assessment/install/limo_assessment/lib/python3.10/site-packages/limo_assessment/my_first_node.py
/home/adeola/CMP9767-Assessment/install/limo_assessment/lib/python3.10/site-packages/limo_assessment/draw_circle.py
/home/adeola/CMP9767-Assessment/install/limo_assessment/lib/python3.10/site-packages/limo_assessment/Test2.py
/home/adeola/CMP9767-Assessment/install/limo_assessment/lib/python3.10/site-packages/limo_assessment/pothole_detector.py
/home/adeola/CMP9767-Assessment/install/limo_assessment/lib/python3.10/site-packages/limo_assessment/navigation.py
/home/adeola/CMP9767-Assessment/install/limo_assessment/lib/python3.10/site-packages/limo_assessment/Test1.py
/home/adeola/CMP9767-Assessment/install/limo_assessment/lib/python3.10/site-packages/limo_assessment/__pycache__/__init__.cpython-310.pyc
/home/adeola/CMP9767-Assessment/install/limo_assessment/lib/python3.10/site-packages/limo_assessment/__pycache__/Test3.cpython-310.pyc
/home/adeola/CMP9767-Assessment/install/limo_assessment/lib/python3.10/site-packages/limo_assessment/__pycache__/pothole_detectorHSV.cpython-310.pyc
/home/adeola/CMP9767-Assessment/install/limo_assessment/lib/python3.10/site-packages/limo_assessment/__pycache__/my_first_node.cpython-310.pyc
/home/adeola/CMP9767-Assessment/install/limo_assessment/lib/python3.10/site-packages/limo_assessment/__pycache__/draw_circle.cpython-310.pyc
/home/adeola/CMP9767-Assessment/install/limo_assessment/lib/python3.10/site-packages/limo_assessment/__pycache__/Test2.cpython-310.pyc
/home/adeola/CMP9767-Assessment/install/limo_assessment/lib/python3.10/site-packages/limo_assessment/__pycache__/pothole_detector.cpython-310.pyc
/home/adeola/CMP9767-Assessment/install/limo_assessment/lib/python3.10/site-packages/limo_assessment/__pycache__/navigation.cpython-310.pyc
/home/adeola/CMP9767-Assessment/install/limo_assessment/lib/python3.10/site-packages/limo_assessment/__pycache__/Test1.cpython-310.pyc
/home/adeola/CMP9767-Assessment/install/limo_assessment/share/ament_index/resource_index/packages/limo_assessment
/home/adeola/CMP9767-Assessment/install/limo_assessment/share/limo_assessment/package.xml
/home/adeola/CMP9767-Assessment/install/limo_assessment/lib/python3.10/site-packages/limo_assessment-0.0.0-py3.10.egg-info/PKG-INFO
/home/adeola/CMP9767-Assessment/install/limo_assessment/lib/python3.10/site-packages/limo_assessment-0.0.0-py3.10.egg-info/zip-safe
/home/adeola/CMP9767-Assessment/install/limo_assessment/lib/python3.10/site-packages/limo_assessment-0.0.0-py3.10.egg-info/entry_points.txt
/home/adeola/CMP9767-Assessment/install/limo_assessment/lib/python3.10/site-packages/limo_assessment-0.0.0-py3.10.egg-info/top_level.txt
/home/adeola/CMP9767-Assessment/install/limo_assessment/lib/python3.10/site-packages/limo_assessment-0.0.0-py3.10.egg-info/SOURCES.txt
/home/adeola/CMP9767-Assessment/install/limo_assessment/lib/python3.10/site-packages/limo_assessment-0.0.0-py3.10.egg-info/requires.txt
/home/adeola/CMP9767-Assessment/install/limo_assessment/lib/python3.10/site-packages/limo_assessment-0.0.0-py3.10.egg-info/dependency_links.txt
/home/adeola/CMP9767-Assessment/install/limo_assessment/lib/limo_assessment/HSV_pothole_detector
/home/adeola/CMP9767-Assessment/install/limo_assessment/lib/limo_assessment/draw_circle
/home/adeola/CMP9767-Assessment/install/limo_assessment/lib/limo_assessment/navigation
/home/adeola/CMP9767-Assessment/install/limo_assessment/lib/limo_assessment/pothole_detector
/home/adeola/CMP9767-Assessment/install/limo_assessment/lib/limo_assessment/test_node
