running egg_info
creating ../../build/limo_assessment/limo_assessment.egg-info
writing ../../build/limo_assessment/limo_assessment.egg-info/PKG-INFO
writing dependency_links to ../../build/limo_assessment/limo_assessment.egg-info/dependency_links.txt
writing entry points to ../../build/limo_assessment/limo_assessment.egg-info/entry_points.txt
writing requirements to ../../build/limo_assessment/limo_assessment.egg-info/requires.txt
writing top-level names to ../../build/limo_assessment/limo_assessment.egg-info/top_level.txt
writing manifest file '../../build/limo_assessment/limo_assessment.egg-info/SOURCES.txt'
reading manifest file '../../build/limo_assessment/limo_assessment.egg-info/SOURCES.txt'
writing manifest file '../../build/limo_assessment/limo_assessment.egg-info/SOURCES.txt'
running build
running build_py
creating /home/adeola/CMP9767-Assessment/build/limo_assessment/build
creating /home/adeola/CMP9767-Assessment/build/limo_assessment/build/lib
creating /home/adeola/CMP9767-Assessment/build/limo_assessment/build/lib/limo_assessment
copying limo_assessment/__init__.py -> /home/adeola/CMP9767-Assessment/build/limo_assessment/build/lib/limo_assessment
running install
/usr/lib/python3/dist-packages/setuptools/command/install.py:34: SetuptoolsDeprecationWarning: setup.py install is deprecated. Use build and pip and other standards-based tools.
  warnings.warn(
running install_lib
creating /home/adeola/CMP9767-Assessment/install/limo_assessment/lib/python3.10/site-packages/limo_assessment
copying /home/adeola/CMP9767-Assessment/build/limo_assessment/build/lib/limo_assessment/__init__.py -> /home/adeola/CMP9767-Assessment/install/limo_assessment/lib/python3.10/site-packages/limo_assessment
byte-compiling /home/adeola/CMP9767-Assessment/install/limo_assessment/lib/python3.10/site-packages/limo_assessment/__init__.py to __init__.cpython-310.pyc
running install_data
creating /home/adeola/CMP9767-Assessment/install/limo_assessment/share/ament_index
creating /home/adeola/CMP9767-Assessment/install/limo_assessment/share/ament_index/resource_index
creating /home/adeola/CMP9767-Assessment/install/limo_assessment/share/ament_index/resource_index/packages
copying resource/limo_assessment -> /home/adeola/CMP9767-Assessment/install/limo_assessment/share/ament_index/resource_index/packages
copying package.xml -> /home/adeola/CMP9767-Assessment/install/limo_assessment/share/limo_assessment
running install_egg_info
Copying ../../build/limo_assessment/limo_assessment.egg-info to /home/adeola/CMP9767-Assessment/install/limo_assessment/lib/python3.10/site-packages/limo_assessment-0.0.0-py3.10.egg-info
running install_scripts
writing list of installed files to '/home/adeola/CMP9767-Assessment/build/limo_assessment/install.log'
