[0.513s] Invoking command in '/home/adeola/CMP9767-Assessment/src/limo_assessment': PYTHONPATH=/home/adeola/CMP9767-Assessment/build/limo_assessment/prefix_override:/home/adeola/CMP9767-Assessment/install/limo_assessment/lib/python3.10/site-packages:${PYTHONPATH} /usr/bin/python3 setup.py egg_info --egg-base ../../build/limo_assessment build --build-base /home/adeola/CMP9767-Assessment/build/limo_assessment/build install --record /home/adeola/CMP9767-Assessment/build/limo_assessment/install.log --single-version-externally-managed
[0.669s] running egg_info
[0.670s] creating ../../build/limo_assessment/limo_assessment.egg-info
[0.670s] writing ../../build/limo_assessment/limo_assessment.egg-info/PKG-INFO
[0.670s] writing dependency_links to ../../build/limo_assessment/limo_assessment.egg-info/dependency_links.txt
[0.670s] writing entry points to ../../build/limo_assessment/limo_assessment.egg-info/entry_points.txt
[0.670s] writing requirements to ../../build/limo_assessment/limo_assessment.egg-info/requires.txt
[0.670s] writing top-level names to ../../build/limo_assessment/limo_assessment.egg-info/top_level.txt
[0.670s] writing manifest file '../../build/limo_assessment/limo_assessment.egg-info/SOURCES.txt'
[0.671s] reading manifest file '../../build/limo_assessment/limo_assessment.egg-info/SOURCES.txt'
[0.671s] writing manifest file '../../build/limo_assessment/limo_assessment.egg-info/SOURCES.txt'
[0.672s] running build
[0.672s] running build_py
[0.673s] creating /home/adeola/CMP9767-Assessment/build/limo_assessment/build
[0.673s] creating /home/adeola/CMP9767-Assessment/build/limo_assessment/build/lib
[0.673s] creating /home/adeola/CMP9767-Assessment/build/limo_assessment/build/lib/limo_assessment
[0.673s] copying limo_assessment/__init__.py -> /home/adeola/CMP9767-Assessment/build/limo_assessment/build/lib/limo_assessment
[0.673s] running install
[0.673s] /usr/lib/python3/dist-packages/setuptools/command/install.py:34: SetuptoolsDeprecationWarning: setup.py install is deprecated. Use build and pip and other standards-based tools.
[0.673s]   warnings.warn(
[0.673s] running install_lib
[0.673s] creating /home/adeola/CMP9767-Assessment/install/limo_assessment/lib/python3.10/site-packages/limo_assessment
[0.673s] copying /home/adeola/CMP9767-Assessment/build/limo_assessment/build/lib/limo_assessment/__init__.py -> /home/adeola/CMP9767-Assessment/install/limo_assessment/lib/python3.10/site-packages/limo_assessment
[0.674s] byte-compiling /home/adeola/CMP9767-Assessment/install/limo_assessment/lib/python3.10/site-packages/limo_assessment/__init__.py to __init__.cpython-310.pyc
[0.674s] running install_data
[0.674s] creating /home/adeola/CMP9767-Assessment/install/limo_assessment/share/ament_index
[0.674s] creating /home/adeola/CMP9767-Assessment/install/limo_assessment/share/ament_index/resource_index
[0.674s] creating /home/adeola/CMP9767-Assessment/install/limo_assessment/share/ament_index/resource_index/packages
[0.674s] copying resource/limo_assessment -> /home/adeola/CMP9767-Assessment/install/limo_assessment/share/ament_index/resource_index/packages
[0.674s] copying package.xml -> /home/adeola/CMP9767-Assessment/install/limo_assessment/share/limo_assessment
[0.675s] running install_egg_info
[0.675s] Copying ../../build/limo_assessment/limo_assessment.egg-info to /home/adeola/CMP9767-Assessment/install/limo_assessment/lib/python3.10/site-packages/limo_assessment-0.0.0-py3.10.egg-info
[0.676s] running install_scripts
[0.689s] writing list of installed files to '/home/adeola/CMP9767-Assessment/build/limo_assessment/install.log'
[0.704s] Invoked command in '/home/adeola/CMP9767-Assessment/src/limo_assessment' returned '0': PYTHONPATH=/home/adeola/CMP9767-Assessment/build/limo_assessment/prefix_override:/home/adeola/CMP9767-Assessment/install/limo_assessment/lib/python3.10/site-packages:${PYTHONPATH} /usr/bin/python3 setup.py egg_info --egg-base ../../build/limo_assessment build --build-base /home/adeola/CMP9767-Assessment/build/limo_assessment/build install --record /home/adeola/CMP9767-Assessment/build/limo_assessment/install.log --single-version-externally-managed
