running egg_info
writing ../../build/limo_assessment/limo_assessment.egg-info/PKG-INFO
writing dependency_links to ../../build/limo_assessment/limo_assessment.egg-info/dependency_links.txt
writing entry points to ../../build/limo_assessment/limo_assessment.egg-info/entry_points.txt
writing requirements to ../../build/limo_assessment/limo_assessment.egg-info/requires.txt
writing top-level names to ../../build/limo_assessment/limo_assessment.egg-info/top_level.txt
reading manifest file '../../build/limo_assessment/limo_assessment.egg-info/SOURCES.txt'
writing manifest file '../../build/limo_assessment/limo_assessment.egg-info/SOURCES.txt'
running build
running build_py
copying limo_assessment/__init__.py -> /home/adeola/CMP9767-Assessment/build/limo_assessment/build/lib/limo_assessment
copying limo_assessment/1.py -> /home/adeola/CMP9767-Assessment/build/limo_assessment/build/lib/limo_assessment
copying limo_assessment/autonomous_navigation.py -> /home/adeola/CMP9767-Assessment/build/limo_assessment/build/lib/limo_assessment
copying limo_assessment/Report2.py -> /home/adeola/CMP9767-Assessment/build/limo_assessment/build/lib/limo_assessment
copying limo_assessment/test2.py -> /home/adeola/CMP9767-Assessment/build/limo_assessment/build/lib/limo_assessment
copying limo_assessment/Color processing.py -> /home/adeola/CMP9767-Assessment/build/limo_assessment/build/lib/limo_assessment
copying limo_assessment/Report.py -> /home/adeola/CMP9767-Assessment/build/limo_assessment/build/lib/limo_assessment
copying limo_assessment/pothole_counter.py -> /home/adeola/CMP9767-Assessment/build/limo_assessment/build/lib/limo_assessment
copying limo_assessment/Test10.py -> /home/adeola/CMP9767-Assessment/build/limo_assessment/build/lib/limo_assessment
copying limo_assessment/Color detection and distance.py -> /home/adeola/CMP9767-Assessment/build/limo_assessment/build/lib/limo_assessment
copying limo_assessment/Test1.py -> /home/adeola/CMP9767-Assessment/build/limo_assessment/build/lib/limo_assessment
running install
/home/adeola/.local/lib/python3.10/site-packages/setuptools/_distutils/cmd.py:66: SetuptoolsDeprecationWarning: setup.py install is deprecated.
!!

        ********************************************************************************
        Please avoid running ``setup.py`` directly.
        Instead, use pypa/build, pypa/installer or other
        standards-based tools.

        See https://blog.ganssle.io/articles/2021/10/setup-py-deprecated.html for details.
        ********************************************************************************

!!
  self.initialize_options()
running install_lib
copying /home/adeola/CMP9767-Assessment/build/limo_assessment/build/lib/limo_assessment/autonomous_navigation.py -> /home/adeola/CMP9767-Assessment/install/limo_assessment/lib/python3.10/site-packages/limo_assessment
byte-compiling /home/adeola/CMP9767-Assessment/install/limo_assessment/lib/python3.10/site-packages/limo_assessment/autonomous_navigation.py to autonomous_navigation.cpython-310.pyc
running install_data
copying resource/limo_assessment -> /home/adeola/CMP9767-Assessment/install/limo_assessment/share/ament_index/resource_index/packages
copying package.xml -> /home/adeola/CMP9767-Assessment/install/limo_assessment/share/limo_assessment
running install_egg_info
removing '/home/adeola/CMP9767-Assessment/install/limo_assessment/lib/python3.10/site-packages/limo_assessment-0.0.0-py3.10.egg-info' (and everything under it)
Copying ../../build/limo_assessment/limo_assessment.egg-info to /home/adeola/CMP9767-Assessment/install/limo_assessment/lib/python3.10/site-packages/limo_assessment-0.0.0-py3.10.egg-info
running install_scripts
Installing autonomous_navigation script to /home/adeola/CMP9767-Assessment/install/limo_assessment/lib/limo_assessment
Installing pothole_counter script to /home/adeola/CMP9767-Assessment/install/limo_assessment/lib/limo_assessment
writing list of installed files to '/home/adeola/CMP9767-Assessment/build/limo_assessment/install.log'
