[1.502s] Invoking command in '/home/adeola/CMP9767-Assessment/src/limo_assessment': PYTHONPATH=/home/adeola/CMP9767-Assessment/build/limo_assessment/prefix_override:/home/adeola/CMP9767-Assessment/install/limo_assessment/lib/python3.10/site-packages:${PYTHONPATH} /usr/bin/python3 setup.py egg_info --egg-base ../../build/limo_assessment build --build-base /home/adeola/CMP9767-Assessment/build/limo_assessment/build install --record /home/adeola/CMP9767-Assessment/build/limo_assessment/install.log --single-version-externally-managed
[1.677s] running egg_info
[1.690s] writing ../../build/limo_assessment/limo_assessment.egg-info/PKG-INFO
[1.691s] writing dependency_links to ../../build/limo_assessment/limo_assessment.egg-info/dependency_links.txt
[1.691s] writing entry points to ../../build/limo_assessment/limo_assessment.egg-info/entry_points.txt
[1.691s] writing requirements to ../../build/limo_assessment/limo_assessment.egg-info/requires.txt
[1.691s] writing top-level names to ../../build/limo_assessment/limo_assessment.egg-info/top_level.txt
[1.718s] reading manifest file '../../build/limo_assessment/limo_assessment.egg-info/SOURCES.txt'
[1.730s] writing manifest file '../../build/limo_assessment/limo_assessment.egg-info/SOURCES.txt'
[1.730s] running build
[1.730s] running build_py
[1.731s] copying limo_assessment/__init__.py -> /home/adeola/CMP9767-Assessment/build/limo_assessment/build/lib/limo_assessment
[1.731s] copying limo_assessment/1.py -> /home/adeola/CMP9767-Assessment/build/limo_assessment/build/lib/limo_assessment
[1.731s] copying limo_assessment/autonomous_navigation.py -> /home/adeola/CMP9767-Assessment/build/limo_assessment/build/lib/limo_assessment
[1.731s] copying limo_assessment/Report2.py -> /home/adeola/CMP9767-Assessment/build/limo_assessment/build/lib/limo_assessment
[1.731s] copying limo_assessment/Color processing.py -> /home/adeola/CMP9767-Assessment/build/limo_assessment/build/lib/limo_assessment
[1.731s] copying limo_assessment/Report.py -> /home/adeola/CMP9767-Assessment/build/limo_assessment/build/lib/limo_assessment
[1.731s] copying limo_assessment/pothole_counter.py -> /home/adeola/CMP9767-Assessment/build/limo_assessment/build/lib/limo_assessment
[1.731s] copying limo_assessment/Test10.py -> /home/adeola/CMP9767-Assessment/build/limo_assessment/build/lib/limo_assessment
[1.731s] copying limo_assessment/Color detection and distance.py -> /home/adeola/CMP9767-Assessment/build/limo_assessment/build/lib/limo_assessment
[1.732s] running install
[1.752s] /home/adeola/.local/lib/python3.10/site-packages/setuptools/_distutils/cmd.py:66: SetuptoolsDeprecationWarning: setup.py install is deprecated.
[1.752s] !!
[1.752s] 
[1.752s]         ********************************************************************************
[1.752s]         Please avoid running ``setup.py`` directly.
[1.752s]         Instead, use pypa/build, pypa/installer or other
[1.752s]         standards-based tools.
[1.752s] 
[1.752s]         See https://blog.ganssle.io/articles/2021/10/setup-py-deprecated.html for details.
[1.752s]         ********************************************************************************
[1.752s] 
[1.752s] !!
[1.752s]   self.initialize_options()
[1.756s] running install_lib
[1.771s] copying /home/adeola/CMP9767-Assessment/build/limo_assessment/build/lib/limo_assessment/Report2.py -> /home/adeola/CMP9767-Assessment/install/limo_assessment/lib/python3.10/site-packages/limo_assessment
[1.771s] copying /home/adeola/CMP9767-Assessment/build/limo_assessment/build/lib/limo_assessment/Report.py -> /home/adeola/CMP9767-Assessment/install/limo_assessment/lib/python3.10/site-packages/limo_assessment
[1.771s] copying /home/adeola/CMP9767-Assessment/build/limo_assessment/build/lib/limo_assessment/Test10.py -> /home/adeola/CMP9767-Assessment/install/limo_assessment/lib/python3.10/site-packages/limo_assessment
[1.772s] byte-compiling /home/adeola/CMP9767-Assessment/install/limo_assessment/lib/python3.10/site-packages/limo_assessment/Report2.py to Report2.cpython-310.pyc
[1.773s] byte-compiling /home/adeola/CMP9767-Assessment/install/limo_assessment/lib/python3.10/site-packages/limo_assessment/Report.py to Report.cpython-310.pyc
[1.774s] byte-compiling /home/adeola/CMP9767-Assessment/install/limo_assessment/lib/python3.10/site-packages/limo_assessment/Test10.py to Test10.cpython-310.pyc
[1.775s] running install_data
[1.788s] copying resource/limo_assessment -> /home/adeola/CMP9767-Assessment/install/limo_assessment/share/ament_index/resource_index/packages
[1.788s] copying package.xml -> /home/adeola/CMP9767-Assessment/install/limo_assessment/share/limo_assessment
[1.788s] running install_egg_info
[1.802s] removing '/home/adeola/CMP9767-Assessment/install/limo_assessment/lib/python3.10/site-packages/limo_assessment-0.0.0-py3.10.egg-info' (and everything under it)
[1.802s] Copying ../../build/limo_assessment/limo_assessment.egg-info to /home/adeola/CMP9767-Assessment/install/limo_assessment/lib/python3.10/site-packages/limo_assessment-0.0.0-py3.10.egg-info
[1.920s] running install_scripts
[2.038s] Installing autonomous_navigation script to /home/adeola/CMP9767-Assessment/install/limo_assessment/lib/limo_assessment
[2.039s] Installing pothole_counter script to /home/adeola/CMP9767-Assessment/install/limo_assessment/lib/limo_assessment
[2.039s] writing list of installed files to '/home/adeola/CMP9767-Assessment/build/limo_assessment/install.log'
[2.063s] Invoked command in '/home/adeola/CMP9767-Assessment/src/limo_assessment' returned '0': PYTHONPATH=/home/adeola/CMP9767-Assessment/build/limo_assessment/prefix_override:/home/adeola/CMP9767-Assessment/install/limo_assessment/lib/python3.10/site-packages:${PYTHONPATH} /usr/bin/python3 setup.py egg_info --egg-base ../../build/limo_assessment build --build-base /home/adeola/CMP9767-Assessment/build/limo_assessment/build install --record /home/adeola/CMP9767-Assessment/build/limo_assessment/install.log --single-version-externally-managed
