[1.429s] Invoking command in '/home/adeola/CMP9767-Assessment/src/limo_assessment': PYTHONPATH=/home/adeola/CMP9767-Assessment/build/limo_assessment/prefix_override:/home/adeola/CMP9767-Assessment/install/limo_assessment/lib/python3.10/site-packages:${PYTHONPATH} /usr/bin/python3 setup.py egg_info --egg-base ../../build/limo_assessment build --build-base /home/adeola/CMP9767-Assessment/build/limo_assessment/build install --record /home/adeola/CMP9767-Assessment/build/limo_assessment/install.log --single-version-externally-managed
[1.619s] running egg_info
[1.619s] writing ../../build/limo_assessment/limo_assessment.egg-info/PKG-INFO
[1.619s] writing dependency_links to ../../build/limo_assessment/limo_assessment.egg-info/dependency_links.txt
[1.620s] writing entry points to ../../build/limo_assessment/limo_assessment.egg-info/entry_points.txt
[1.620s] writing requirements to ../../build/limo_assessment/limo_assessment.egg-info/requires.txt
[1.620s] writing top-level names to ../../build/limo_assessment/limo_assessment.egg-info/top_level.txt
[1.621s] reading manifest file '../../build/limo_assessment/limo_assessment.egg-info/SOURCES.txt'
[1.644s] writing manifest file '../../build/limo_assessment/limo_assessment.egg-info/SOURCES.txt'
[1.644s] running build
[1.645s] running build_py
[1.645s] copying limo_assessment/pothole_detectorHSV.py -> /home/adeola/CMP9767-Assessment/build/limo_assessment/build/lib/limo_assessment
[1.645s] copying limo_assessment/pothole_detector.py -> /home/adeola/CMP9767-Assessment/build/limo_assessment/build/lib/limo_assessment
[1.645s] running install
[1.645s] running install_lib
[1.646s] copying /home/adeola/CMP9767-Assessment/build/limo_assessment/build/lib/limo_assessment/pothole_detectorHSV.py -> /home/adeola/CMP9767-Assessment/install/limo_assessment/lib/python3.10/site-packages/limo_assessment
[1.646s] copying /home/adeola/CMP9767-Assessment/build/limo_assessment/build/lib/limo_assessment/pothole_detector.py -> /home/adeola/CMP9767-Assessment/install/limo_assessment/lib/python3.10/site-packages/limo_assessment
[1.646s] byte-compiling /home/adeola/CMP9767-Assessment/install/limo_assessment/lib/python3.10/site-packages/limo_assessment/pothole_detectorHSV.py to pothole_detectorHSV.cpython-310.pyc
[1.647s] byte-compiling /home/adeola/CMP9767-Assessment/install/limo_assessment/lib/python3.10/site-packages/limo_assessment/pothole_detector.py to pothole_detector.cpython-310.pyc
[1.648s] running install_data
[1.648s] running install_egg_info
[1.649s] removing '/home/adeola/CMP9767-Assessment/install/limo_assessment/lib/python3.10/site-packages/limo_assessment-0.0.0-py3.10.egg-info' (and everything under it)
[1.650s] Copying ../../build/limo_assessment/limo_assessment.egg-info to /home/adeola/CMP9767-Assessment/install/limo_assessment/lib/python3.10/site-packages/limo_assessment-0.0.0-py3.10.egg-info
[1.697s] running install_scripts
[1.712s] Installing HSV_pothole_detector script to /home/adeola/CMP9767-Assessment/install/limo_assessment/lib/limo_assessment
[1.712s] Installing draw_circle script to /home/adeola/CMP9767-Assessment/install/limo_assessment/lib/limo_assessment
[1.712s] Installing navigation script to /home/adeola/CMP9767-Assessment/install/limo_assessment/lib/limo_assessment
[1.712s] Installing pothole_detector script to /home/adeola/CMP9767-Assessment/install/limo_assessment/lib/limo_assessment
[1.712s] Installing test_node script to /home/adeola/CMP9767-Assessment/install/limo_assessment/lib/limo_assessment
[1.712s] writing list of installed files to '/home/adeola/CMP9767-Assessment/build/limo_assessment/install.log'
[1.734s] Invoked command in '/home/adeola/CMP9767-Assessment/src/limo_assessment' returned '0': PYTHONPATH=/home/adeola/CMP9767-Assessment/build/limo_assessment/prefix_override:/home/adeola/CMP9767-Assessment/install/limo_assessment/lib/python3.10/site-packages:${PYTHONPATH} /usr/bin/python3 setup.py egg_info --egg-base ../../build/limo_assessment build --build-base /home/adeola/CMP9767-Assessment/build/limo_assessment/build install --record /home/adeola/CMP9767-Assessment/build/limo_assessment/install.log --single-version-externally-managed
