[0.556s] Invoking command in '/home/adeola/CMP9767-Assessment/src/limo_assessment': PYTHONPATH=/home/adeola/CMP9767-Assessment/build/limo_assessment/prefix_override:/home/adeola/CMP9767-Assessment/install/limo_assessment/lib/python3.10/site-packages:${PYTHONPATH} /usr/bin/python3 setup.py egg_info --egg-base ../../build/limo_assessment build --build-base /home/adeola/CMP9767-Assessment/build/limo_assessment/build install --record /home/adeola/CMP9767-Assessment/build/limo_assessment/install.log --single-version-externally-managed
[0.727s] running egg_info
[0.727s] writing ../../build/limo_assessment/limo_assessment.egg-info/PKG-INFO
[0.727s] writing dependency_links to ../../build/limo_assessment/limo_assessment.egg-info/dependency_links.txt
[0.727s] writing entry points to ../../build/limo_assessment/limo_assessment.egg-info/entry_points.txt
[0.728s] writing requirements to ../../build/limo_assessment/limo_assessment.egg-info/requires.txt
[0.728s] writing top-level names to ../../build/limo_assessment/limo_assessment.egg-info/top_level.txt
[0.729s] reading manifest file '../../build/limo_assessment/limo_assessment.egg-info/SOURCES.txt'
[0.730s] writing manifest file '../../build/limo_assessment/limo_assessment.egg-info/SOURCES.txt'
[0.730s] running build
[0.730s] running build_py
[0.730s] copying limo_assessment/draw_circle.py -> /home/adeola/CMP9767-Assessment/build/limo_assessment/build/lib/limo_assessment
[0.730s] copying limo_assessment/navigation.py -> /home/adeola/CMP9767-Assessment/build/limo_assessment/build/lib/limo_assessment
[0.730s] running install
[0.730s] running install_lib
[0.731s] copying /home/adeola/CMP9767-Assessment/build/limo_assessment/build/lib/limo_assessment/draw_circle.py -> /home/adeola/CMP9767-Assessment/install/limo_assessment/lib/python3.10/site-packages/limo_assessment
[0.731s] copying /home/adeola/CMP9767-Assessment/build/limo_assessment/build/lib/limo_assessment/navigation.py -> /home/adeola/CMP9767-Assessment/install/limo_assessment/lib/python3.10/site-packages/limo_assessment
[0.731s] byte-compiling /home/adeola/CMP9767-Assessment/install/limo_assessment/lib/python3.10/site-packages/limo_assessment/draw_circle.py to draw_circle.cpython-310.pyc
[0.731s] byte-compiling /home/adeola/CMP9767-Assessment/install/limo_assessment/lib/python3.10/site-packages/limo_assessment/navigation.py to navigation.cpython-310.pyc
[0.731s] running install_data
[0.732s] running install_egg_info
[0.733s] removing '/home/adeola/CMP9767-Assessment/install/limo_assessment/lib/python3.10/site-packages/limo_assessment-0.0.0-py3.10.egg-info' (and everything under it)
[0.733s] Copying ../../build/limo_assessment/limo_assessment.egg-info to /home/adeola/CMP9767-Assessment/install/limo_assessment/lib/python3.10/site-packages/limo_assessment-0.0.0-py3.10.egg-info
[0.734s] running install_scripts
[0.747s] Installing draw_circle script to /home/adeola/CMP9767-Assessment/install/limo_assessment/lib/limo_assessment
[0.747s] Installing pothole_detector script to /home/adeola/CMP9767-Assessment/install/limo_assessment/lib/limo_assessment
[0.747s] Installing test_node script to /home/adeola/CMP9767-Assessment/install/limo_assessment/lib/limo_assessment
[0.747s] writing list of installed files to '/home/adeola/CMP9767-Assessment/build/limo_assessment/install.log'
[0.764s] Invoked command in '/home/adeola/CMP9767-Assessment/src/limo_assessment' returned '0': PYTHONPATH=/home/adeola/CMP9767-Assessment/build/limo_assessment/prefix_override:/home/adeola/CMP9767-Assessment/install/limo_assessment/lib/python3.10/site-packages:${PYTHONPATH} /usr/bin/python3 setup.py egg_info --egg-base ../../build/limo_assessment build --build-base /home/adeola/CMP9767-Assessment/build/limo_assessment/build install --record /home/adeola/CMP9767-Assessment/build/limo_assessment/install.log --single-version-externally-managed
