running egg_info
creating ../../build/LIMO_Assessment/LIMO_Assessment.egg-info
writing ../../build/LIMO_Assessment/LIMO_Assessment.egg-info/PKG-INFO
writing dependency_links to ../../build/LIMO_Assessment/LIMO_Assessment.egg-info/dependency_links.txt
writing entry points to ../../build/LIMO_Assessment/LIMO_Assessment.egg-info/entry_points.txt
writing requirements to ../../build/LIMO_Assessment/LIMO_Assessment.egg-info/requires.txt
writing top-level names to ../../build/LIMO_Assessment/LIMO_Assessment.egg-info/top_level.txt
writing manifest file '../../build/LIMO_Assessment/LIMO_Assessment.egg-info/SOURCES.txt'
reading manifest file '../../build/LIMO_Assessment/LIMO_Assessment.egg-info/SOURCES.txt'
writing manifest file '../../build/LIMO_Assessment/LIMO_Assessment.egg-info/SOURCES.txt'
running build
running build_py
creating /home/adeola/CMP9767-Assessment/build/LIMO_Assessment/build
creating /home/adeola/CMP9767-Assessment/build/LIMO_Assessment/build/lib
creating /home/adeola/CMP9767-Assessment/build/LIMO_Assessment/build/lib/LIMO_Assessment
copying LIMO_Assessment/__init__.py -> /home/adeola/CMP9767-Assessment/build/LIMO_Assessment/build/lib/LIMO_Assessment
/usr/lib/python3/dist-packages/setuptools/command/install.py:34: SetuptoolsDeprecationWarning: setup.py install is deprecated. Use build and pip and other standards-based tools.
  warnings.warn(
running install
running install_lib
creating /home/adeola/CMP9767-Assessment/install/LIMO_Assessment/lib/python3.10/site-packages/LIMO_Assessment
copying /home/adeola/CMP9767-Assessment/build/LIMO_Assessment/build/lib/LIMO_Assessment/__init__.py -> /home/adeola/CMP9767-Assessment/install/LIMO_Assessment/lib/python3.10/site-packages/LIMO_Assessment
byte-compiling /home/adeola/CMP9767-Assessment/install/LIMO_Assessment/lib/python3.10/site-packages/LIMO_Assessment/__init__.py to __init__.cpython-310.pyc
running install_data
creating /home/adeola/CMP9767-Assessment/install/LIMO_Assessment/share/ament_index
creating /home/adeola/CMP9767-Assessment/install/LIMO_Assessment/share/ament_index/resource_index
creating /home/adeola/CMP9767-Assessment/install/LIMO_Assessment/share/ament_index/resource_index/packages
copying resource/LIMO_Assessment -> /home/adeola/CMP9767-Assessment/install/LIMO_Assessment/share/ament_index/resource_index/packages
copying package.xml -> /home/adeola/CMP9767-Assessment/install/LIMO_Assessment/share/LIMO_Assessment
running install_egg_info
Copying ../../build/LIMO_Assessment/LIMO_Assessment.egg-info to /home/adeola/CMP9767-Assessment/install/LIMO_Assessment/lib/python3.10/site-packages/LIMO_Assessment-0.0.0-py3.10.egg-info
running install_scripts
writing list of installed files to '/home/adeola/CMP9767-Assessment/build/LIMO_Assessment/install.log'
