[0.719s] Invoking command in '/home/adeola/CMP9767-Assessment/src/limo_assessment': PYTHONPATH=/home/adeola/CMP9767-Assessment/build/limo_assessment/prefix_override:/home/adeola/CMP9767-Assessment/install/limo_assessment/lib/python3.10/site-packages:${PYTHONPATH} /usr/bin/python3 setup.py egg_info --egg-base ../../build/limo_assessment build --build-base /home/adeola/CMP9767-Assessment/build/limo_assessment/build install --record /home/adeola/CMP9767-Assessment/build/limo_assessment/install.log --single-version-externally-managed
[0.890s] running egg_info
[0.903s] writing ../../build/limo_assessment/limo_assessment.egg-info/PKG-INFO
[0.903s] writing dependency_links to ../../build/limo_assessment/limo_assessment.egg-info/dependency_links.txt
[0.903s] writing entry points to ../../build/limo_assessment/limo_assessment.egg-info/entry_points.txt
[0.904s] writing requirements to ../../build/limo_assessment/limo_assessment.egg-info/requires.txt
[0.904s] writing top-level names to ../../build/limo_assessment/limo_assessment.egg-info/top_level.txt
[0.933s] reading manifest file '../../build/limo_assessment/limo_assessment.egg-info/SOURCES.txt'
[0.934s] writing manifest file '../../build/limo_assessment/limo_assessment.egg-info/SOURCES.txt'
[0.934s] running build
[0.934s] running build_py
[0.934s] copying limo_assessment/__init__.py -> /home/adeola/CMP9767-Assessment/build/limo_assessment/build/lib/limo_assessment
[0.934s] copying limo_assessment/adeola_marker.py -> /home/adeola/CMP9767-Assessment/build/limo_assessment/build/lib/limo_assessment
[0.934s] copying limo_assessment/adeola_severity_report.py -> /home/adeola/CMP9767-Assessment/build/limo_assessment/build/lib/limo_assessment
[0.935s] copying limo_assessment/adeola_posedetector1.py -> /home/adeola/CMP9767-Assessment/build/limo_assessment/build/lib/limo_assessment
[0.935s] copying limo_assessment/adeola_pothole_counter.py -> /home/adeola/CMP9767-Assessment/build/limo_assessment/build/lib/limo_assessment
[0.935s] copying limo_assessment/adeola_autonomous_navigation2.py -> /home/adeola/CMP9767-Assessment/build/limo_assessment/build/lib/limo_assessment
[0.935s] copying limo_assessment/adeola_posedetector2.py -> /home/adeola/CMP9767-Assessment/build/limo_assessment/build/lib/limo_assessment
[0.935s] copying limo_assessment/adeola_autonomous_navigation.py -> /home/adeola/CMP9767-Assessment/build/limo_assessment/build/lib/limo_assessment
[0.935s] running install
[0.936s] /home/adeola/.local/lib/python3.10/site-packages/setuptools/_distutils/cmd.py:66: SetuptoolsDeprecationWarning: setup.py install is deprecated.
[0.936s] !!
[0.936s] 
[0.936s]         ********************************************************************************
[0.936s]         Please avoid running ``setup.py`` directly.
[0.936s]         Instead, use pypa/build, pypa/installer or other
[0.936s]         standards-based tools.
[0.936s] 
[0.936s]         See https://blog.ganssle.io/articles/2021/10/setup-py-deprecated.html for details.
[0.936s]         ********************************************************************************
[0.936s] 
[0.936s] !!
[0.936s]   self.initialize_options()
[0.941s] running install_lib
[0.960s] running install_data
[0.974s] copying resource/limo_assessment -> /home/adeola/CMP9767-Assessment/install/limo_assessment/share/ament_index/resource_index/packages
[0.974s] copying package.xml -> /home/adeola/CMP9767-Assessment/install/limo_assessment/share/limo_assessment
[0.974s] running install_egg_info
[0.988s] removing '/home/adeola/CMP9767-Assessment/install/limo_assessment/lib/python3.10/site-packages/limo_assessment-0.0.0-py3.10.egg-info' (and everything under it)
[0.988s] Copying ../../build/limo_assessment/limo_assessment.egg-info to /home/adeola/CMP9767-Assessment/install/limo_assessment/lib/python3.10/site-packages/limo_assessment-0.0.0-py3.10.egg-info
[0.989s] running install_scripts
[1.101s] Installing adeola_marker script to /home/adeola/CMP9767-Assessment/install/limo_assessment/lib/limo_assessment
[1.102s] Installing adeola_posedetector script to /home/adeola/CMP9767-Assessment/install/limo_assessment/lib/limo_assessment
[1.102s] Installing adeola_posedetector2 script to /home/adeola/CMP9767-Assessment/install/limo_assessment/lib/limo_assessment
[1.102s] Installing adeola_severity_report script to /home/adeola/CMP9767-Assessment/install/limo_assessment/lib/limo_assessment
[1.102s] Installing autonomous_navigation script to /home/adeola/CMP9767-Assessment/install/limo_assessment/lib/limo_assessment
[1.102s] Installing autonomous_navigation1 script to /home/adeola/CMP9767-Assessment/install/limo_assessment/lib/limo_assessment
[1.102s] Installing pothole_counter script to /home/adeola/CMP9767-Assessment/install/limo_assessment/lib/limo_assessment
[1.103s] writing list of installed files to '/home/adeola/CMP9767-Assessment/build/limo_assessment/install.log'
[1.123s] Invoked command in '/home/adeola/CMP9767-Assessment/src/limo_assessment' returned '0': PYTHONPATH=/home/adeola/CMP9767-Assessment/build/limo_assessment/prefix_override:/home/adeola/CMP9767-Assessment/install/limo_assessment/lib/python3.10/site-packages:${PYTHONPATH} /usr/bin/python3 setup.py egg_info --egg-base ../../build/limo_assessment build --build-base /home/adeola/CMP9767-Assessment/build/limo_assessment/build install --record /home/adeola/CMP9767-Assessment/build/limo_assessment/install.log --single-version-externally-managed
