[0.560s] Invoking command in '/home/adeola/CMP9767-Assessment/src/limo_assessment': PYTHONPATH=/home/adeola/CMP9767-Assessment/build/limo_assessment/prefix_override:/home/adeola/CMP9767-Assessment/install/limo_assessment/lib/python3.10/site-packages:${PYTHONPATH} /usr/bin/python3 setup.py egg_info --egg-base ../../build/limo_assessment build --build-base /home/adeola/CMP9767-Assessment/build/limo_assessment/build install --record /home/adeola/CMP9767-Assessment/build/limo_assessment/install.log --single-version-externally-managed
[0.737s] running egg_info
[0.737s] writing ../../build/limo_assessment/limo_assessment.egg-info/PKG-INFO
[0.737s] writing dependency_links to ../../build/limo_assessment/limo_assessment.egg-info/dependency_links.txt
[0.737s] writing entry points to ../../build/limo_assessment/limo_assessment.egg-info/entry_points.txt
[0.737s] writing requirements to ../../build/limo_assessment/limo_assessment.egg-info/requires.txt
[0.737s] writing top-level names to ../../build/limo_assessment/limo_assessment.egg-info/top_level.txt
[0.739s] reading manifest file '../../build/limo_assessment/limo_assessment.egg-info/SOURCES.txt'
[0.739s] writing manifest file '../../build/limo_assessment/limo_assessment.egg-info/SOURCES.txt'
[0.739s] running build
[0.739s] running build_py
[0.739s] copying limo_assessment/my_first_node.py -> /home/adeola/CMP9767-Assessment/build/limo_assessment/build/lib/limo_assessment
[0.739s] running install
[0.739s] running install_lib
[0.740s] copying /home/adeola/CMP9767-Assessment/build/limo_assessment/build/lib/limo_assessment/my_first_node.py -> /home/adeola/CMP9767-Assessment/install/limo_assessment/lib/python3.10/site-packages/limo_assessment
[0.740s] byte-compiling /home/adeola/CMP9767-Assessment/install/limo_assessment/lib/python3.10/site-packages/limo_assessment/my_first_node.py to my_first_node.cpython-310.pyc
[0.740s] running install_data
[0.741s] running install_egg_info
[0.742s] removing '/home/adeola/CMP9767-Assessment/install/limo_assessment/lib/python3.10/site-packages/limo_assessment-0.0.0-py3.10.egg-info' (and everything under it)
[0.742s] Copying ../../build/limo_assessment/limo_assessment.egg-info to /home/adeola/CMP9767-Assessment/install/limo_assessment/lib/python3.10/site-packages/limo_assessment-0.0.0-py3.10.egg-info
[0.742s] running install_scripts
[0.755s] Installing test_node script to /home/adeola/CMP9767-Assessment/install/limo_assessment/lib/limo_assessment
[0.755s] writing list of installed files to '/home/adeola/CMP9767-Assessment/build/limo_assessment/install.log'
[0.773s] Invoked command in '/home/adeola/CMP9767-Assessment/src/limo_assessment' returned '0': PYTHONPATH=/home/adeola/CMP9767-Assessment/build/limo_assessment/prefix_override:/home/adeola/CMP9767-Assessment/install/limo_assessment/lib/python3.10/site-packages:${PYTHONPATH} /usr/bin/python3 setup.py egg_info --egg-base ../../build/limo_assessment build --build-base /home/adeola/CMP9767-Assessment/build/limo_assessment/build install --record /home/adeola/CMP9767-Assessment/build/limo_assessment/install.log --single-version-externally-managed
