[1.074s] DEBUG:colcon:Command line arguments: ['/usr/bin/colcon', 'list', '-p', '--base-paths', '/home/adeola/CMP9767-Assessment']
[1.074s] DEBUG:colcon:Parsed command line arguments: Namespace(log_base=None, log_level=None, verb_name='list', build_base='build', ignore_user_meta=False, metas=['./colcon.meta'], base_paths=['/home/adeola/CMP9767-Assessment'], packages_ignore=None, packages_ignore_regex=None, paths=None, packages_up_to=None, packages_up_to_regex=None, packages_above=None, packages_above_and_dependencies=None, packages_above_depth=None, packages_select_by_dep=None, packages_skip_by_dep=None, packages_skip_up_to=None, packages_select_build_failed=False, packages_skip_build_finished=False, packages_select_test_failures=False, packages_skip_test_passed=False, packages_select=None, packages_skip=None, packages_select_regex=None, packages_skip_regex=None, packages_start=None, packages_end=None, allow_overriding=[], topological_order=False, names_only=False, paths_only=True, topological_graph=False, topological_graph_dot=False, topological_graph_density=False, topological_graph_legend=False, topological_graph_dot_cluster=False, topological_graph_dot_include_skipped=False, verb_parser=<colcon_defaults.argument_parser.defaults.DefaultArgumentsDecorator object at 0x7f459a257280>, verb_extension=<colcon_package_information.verb.list.ListVerb object at 0x7f459a255270>, main=<bound method ListVerb.main of <colcon_package_information.verb.list.ListVerb object at 0x7f459a255270>>)
[1.164s] Level 1:colcon.colcon_core.package_discovery:discover_packages(colcon_meta) check parameters
[1.164s] Level 1:colcon.colcon_core.package_discovery:discover_packages(recursive) check parameters
[1.164s] Level 1:colcon.colcon_core.package_discovery:discover_packages(ignore) check parameters
[1.164s] Level 1:colcon.colcon_core.package_discovery:discover_packages(path) check parameters
[1.164s] Level 1:colcon.colcon_core.package_discovery:discover_packages(recursive) discover
[1.164s] INFO:colcon.colcon_core.package_discovery:Crawling recursively for packages in '/home/adeola/CMP9767-Assessment'
[1.165s] Level 1:colcon.colcon_core.package_identification:_identify(/home/adeola/CMP9767-Assessment) by extensions ['ignore', 'ignore_ament_install']
[1.165s] Level 1:colcon.colcon_core.package_identification:_identify(/home/adeola/CMP9767-Assessment) by extension 'ignore'
[1.165s] Level 1:colcon.colcon_core.package_identification:_identify(/home/adeola/CMP9767-Assessment) by extension 'ignore_ament_install'
[1.165s] Level 1:colcon.colcon_core.package_identification:_identify(/home/adeola/CMP9767-Assessment) by extensions ['colcon_pkg']
[1.165s] Level 1:colcon.colcon_core.package_identification:_identify(/home/adeola/CMP9767-Assessment) by extension 'colcon_pkg'
[1.165s] Level 1:colcon.colcon_core.package_identification:_identify(/home/adeola/CMP9767-Assessment) by extensions ['colcon_meta']
[1.165s] Level 1:colcon.colcon_core.package_identification:_identify(/home/adeola/CMP9767-Assessment) by extension 'colcon_meta'
[1.165s] Level 1:colcon.colcon_core.package_identification:_identify(/home/adeola/CMP9767-Assessment) by extensions ['ros']
[1.165s] Level 1:colcon.colcon_core.package_identification:_identify(/home/adeola/CMP9767-Assessment) by extension 'ros'
[1.183s] Level 1:colcon.colcon_core.package_identification:_identify(/home/adeola/CMP9767-Assessment) by extensions ['cmake', 'python']
[1.183s] Level 1:colcon.colcon_core.package_identification:_identify(/home/adeola/CMP9767-Assessment) by extension 'cmake'
[1.183s] Level 1:colcon.colcon_core.package_identification:_identify(/home/adeola/CMP9767-Assessment) by extension 'python'
[1.183s] Level 1:colcon.colcon_core.package_identification:_identify(/home/adeola/CMP9767-Assessment) by extensions ['python_setup_py']
[1.183s] Level 1:colcon.colcon_core.package_identification:_identify(/home/adeola/CMP9767-Assessment) by extension 'python_setup_py'
[1.183s] Level 1:colcon.colcon_core.package_identification:_identify(/home/adeola/CMP9767-Assessment/build) by extensions ['ignore', 'ignore_ament_install']
[1.184s] Level 1:colcon.colcon_core.package_identification:_identify(/home/adeola/CMP9767-Assessment/build) by extension 'ignore'
[1.184s] Level 1:colcon.colcon_core.package_identification:_identify(/home/adeola/CMP9767-Assessment/build) ignored
[1.184s] Level 1:colcon.colcon_core.package_identification:_identify(/home/adeola/CMP9767-Assessment/install) by extensions ['ignore', 'ignore_ament_install']
[1.184s] Level 1:colcon.colcon_core.package_identification:_identify(/home/adeola/CMP9767-Assessment/install) by extension 'ignore'
[1.184s] Level 1:colcon.colcon_core.package_identification:_identify(/home/adeola/CMP9767-Assessment/install) ignored
[1.184s] Level 1:colcon.colcon_core.package_identification:_identify(/home/adeola/CMP9767-Assessment/log) by extensions ['ignore', 'ignore_ament_install']
[1.184s] Level 1:colcon.colcon_core.package_identification:_identify(/home/adeola/CMP9767-Assessment/log) by extension 'ignore'
[1.184s] Level 1:colcon.colcon_core.package_identification:_identify(/home/adeola/CMP9767-Assessment/log) ignored
[1.185s] Level 1:colcon.colcon_core.package_identification:_identify(/home/adeola/CMP9767-Assessment/src) by extensions ['ignore', 'ignore_ament_install']
[1.185s] Level 1:colcon.colcon_core.package_identification:_identify(/home/adeola/CMP9767-Assessment/src) by extension 'ignore'
[1.185s] Level 1:colcon.colcon_core.package_identification:_identify(/home/adeola/CMP9767-Assessment/src) by extension 'ignore_ament_install'
[1.185s] Level 1:colcon.colcon_core.package_identification:_identify(/home/adeola/CMP9767-Assessment/src) by extensions ['colcon_pkg']
[1.185s] Level 1:colcon.colcon_core.package_identification:_identify(/home/adeola/CMP9767-Assessment/src) by extension 'colcon_pkg'
[1.185s] Level 1:colcon.colcon_core.package_identification:_identify(/home/adeola/CMP9767-Assessment/src) by extensions ['colcon_meta']
[1.185s] Level 1:colcon.colcon_core.package_identification:_identify(/home/adeola/CMP9767-Assessment/src) by extension 'colcon_meta'
[1.185s] Level 1:colcon.colcon_core.package_identification:_identify(/home/adeola/CMP9767-Assessment/src) by extensions ['ros']
[1.185s] Level 1:colcon.colcon_core.package_identification:_identify(/home/adeola/CMP9767-Assessment/src) by extension 'ros'
[1.185s] Level 1:colcon.colcon_core.package_identification:_identify(/home/adeola/CMP9767-Assessment/src) by extensions ['cmake', 'python']
[1.185s] Level 1:colcon.colcon_core.package_identification:_identify(/home/adeola/CMP9767-Assessment/src) by extension 'cmake'
[1.185s] Level 1:colcon.colcon_core.package_identification:_identify(/home/adeola/CMP9767-Assessment/src) by extension 'python'
[1.185s] Level 1:colcon.colcon_core.package_identification:_identify(/home/adeola/CMP9767-Assessment/src) by extensions ['python_setup_py']
[1.185s] Level 1:colcon.colcon_core.package_identification:_identify(/home/adeola/CMP9767-Assessment/src) by extension 'python_setup_py'
[1.186s] Level 1:colcon.colcon_core.package_identification:_identify(/home/adeola/CMP9767-Assessment/src/limo_assessment) by extensions ['ignore', 'ignore_ament_install']
[1.186s] Level 1:colcon.colcon_core.package_identification:_identify(/home/adeola/CMP9767-Assessment/src/limo_assessment) by extension 'ignore'
[1.186s] Level 1:colcon.colcon_core.package_identification:_identify(/home/adeola/CMP9767-Assessment/src/limo_assessment) by extension 'ignore_ament_install'
[1.186s] Level 1:colcon.colcon_core.package_identification:_identify(/home/adeola/CMP9767-Assessment/src/limo_assessment) by extensions ['colcon_pkg']
[1.186s] Level 1:colcon.colcon_core.package_identification:_identify(/home/adeola/CMP9767-Assessment/src/limo_assessment) by extension 'colcon_pkg'
[1.186s] Level 1:colcon.colcon_core.package_identification:_identify(/home/adeola/CMP9767-Assessment/src/limo_assessment) by extensions ['colcon_meta']
[1.186s] Level 1:colcon.colcon_core.package_identification:_identify(/home/adeola/CMP9767-Assessment/src/limo_assessment) by extension 'colcon_meta'
[1.186s] Level 1:colcon.colcon_core.package_identification:_identify(/home/adeola/CMP9767-Assessment/src/limo_assessment) by extensions ['ros']
[1.186s] Level 1:colcon.colcon_core.package_identification:_identify(/home/adeola/CMP9767-Assessment/src/limo_assessment) by extension 'ros'
[1.192s] DEBUG:colcon.colcon_core.package_identification:Package '/home/adeola/CMP9767-Assessment/src/limo_assessment' with type 'ros.ament_python' and name 'limo_assessment'
[1.193s] Level 1:colcon.colcon_core.package_discovery:discover_packages(recursive) using defaults
